2023-11-30 11:46:01,001 [ERROR] ConfigurationRetriever:142 - IOException on connection: Connect timed out
2023-11-30 11:46:03,030 [ERROR] ConfigurationRetriever:142 - IOException on connection: Connect timed out
2023-11-30 11:46:05,032 [ERROR] ConfigurationRetriever:142 - IOException on connection: Connect timed out
2023-11-30 21:21:20,564 [INFO] Activator:176 - 


2023-11-30 21:21:20,567 [INFO] Activator:177 - !SESSION log4j initialized
2023-11-30 21:21:28,485 [INFO] LogOutputStream:77 - [STDOUT_REDIRECT] 
2023-11-30 21:21:34,074 [INFO] ApplicationProperties:184 - Using Application install path: C:\ST\STM32CubeIDE_1.13.2\STM32CubeIDE\plugins\com.st.stm32cube.common.mx_6.9.2.202309101412
2023-11-30 21:21:34,099 [INFO] DbMcusXml:78 - Set database path to: C:\ST\STM32CubeIDE_1.13.2\STM32CubeIDE\plugins\com.st.stm32cube.common.mx_6.9.2.202309101412\\db\/mcu/
2023-11-30 21:21:34,099 [INFO] ApiDb:274 - Set plugin database path to: C:\ST\STM32CubeIDE_1.13.2\STM32CubeIDE\plugins\com.st.stm32cube.common.mx_6.9.2.202309101412\\db\/plugins/boardmanager/
2023-11-30 21:21:34,099 [WARN] ApiDb:259 - Overriding images path with different value:  => C:\ST\STM32CubeIDE_1.13.2\STM32CubeIDE\plugins\com.st.stm32cube.common.mx_6.9.2.202309101412\\db\/plugins/mcufinder/images/
2023-11-30 21:21:34,112 [INFO] ApiDb:250 - Set database path to: C:\Users\USUARIO\.stmcufinder\plugins\mcufinder//mcu/
2023-11-30 21:21:34,113 [INFO] DbMcusAds:125 - Set database path to: C:\Users\USUARIO\.stmcufinder\plugins\mcufinder//mcu/
2023-11-30 21:21:34,115 [INFO] CrossReferenceDbSqlite:203 - Set database path to: C:\Users\USUARIO\.stmcufinder\plugins\mcufinder//mcu/cs/
2023-11-30 21:21:34,259 [INFO] RulesReader:64 - Compatibility file has been processed (293 Rules)
2023-11-30 21:21:34,375 [INFO] DbMcusXml:78 - Set database path to: C:\ST\STM32CubeIDE_1.13.2\STM32CubeIDE\plugins\com.st.stm32cube.common.mx_6.9.2.202309101412\\db\/mcu/
2023-11-30 21:21:34,375 [INFO] ApiDb:274 - Set plugin database path to: C:\ST\STM32CubeIDE_1.13.2\STM32CubeIDE\plugins\com.st.stm32cube.common.mx_6.9.2.202309101412\\db\/plugins/boardmanager/
2023-11-30 21:21:34,375 [INFO] ApiDb:261 - Set plugin images path to: C:\ST\STM32CubeIDE_1.13.2\STM32CubeIDE\plugins\com.st.stm32cube.common.mx_6.9.2.202309101412\\db\/plugins/mcufinder/images/
2023-11-30 21:21:34,375 [WARN] DbFile:41 - Overriding database path with different value: C:\Users\USUARIO\.stmcufinder\plugins\mcufinder/ => C:\Users\USUARIO\.stmcufinder\plugins\mcufinder
2023-11-30 21:21:34,375 [INFO] ApiDb:250 - Set database path to: C:\Users\USUARIO\.stmcufinder\plugins\mcufinder//mcu/
2023-11-30 21:21:34,376 [WARN] DbFile:41 - Overriding database path with different value: C:\Users\USUARIO\.stmcufinder\plugins\mcufinder/ => C:\Users\USUARIO\.stmcufinder\plugins\mcufinder
2023-11-30 21:21:34,376 [INFO] DbMcusAds:125 - Set database path to: C:\Users\USUARIO\.stmcufinder\plugins\mcufinder//mcu/
2023-11-30 21:21:34,376 [WARN] DbFile:41 - Overriding database path with different value: C:\Users\USUARIO\.stmcufinder\plugins\mcufinder/ => C:\Users\USUARIO\.stmcufinder\plugins\mcufinder
2023-11-30 21:21:34,376 [WARN] DbFile:41 - Overriding database path with different value: C:\Users\USUARIO\.stmcufinder\plugins\mcufinder/ => C:\Users\USUARIO\.stmcufinder\plugins\mcufinder
2023-11-30 21:21:34,376 [INFO] CrossReferenceDbSqlite:203 - Set database path to: C:\Users\USUARIO\.stmcufinder\plugins\mcufinder//mcu/cs/
2023-11-30 21:21:34,499 [INFO] MainPanel:262 - HeapMemory: 268435456
2023-11-30 21:21:34,667 [INFO] DbMcusXml:78 - Set database path to: C:\ST\STM32CubeIDE_1.13.2\STM32CubeIDE\plugins\com.st.stm32cube.common.mx_6.9.2.202309101412\\db\/mcu/
2023-11-30 21:21:34,667 [INFO] ApiDb:274 - Set plugin database path to: C:\ST\STM32CubeIDE_1.13.2\STM32CubeIDE\plugins\com.st.stm32cube.common.mx_6.9.2.202309101412\\db\/plugins/boardmanager/
2023-11-30 21:21:34,667 [INFO] ApiDb:261 - Set plugin images path to: C:\ST\STM32CubeIDE_1.13.2\STM32CubeIDE\plugins\com.st.stm32cube.common.mx_6.9.2.202309101412\\db\/plugins/mcufinder/images/
2023-11-30 21:21:34,668 [WARN] DbFile:41 - Overriding database path with different value: C:\Users\USUARIO\.stmcufinder\plugins\mcufinder/ => C:\Users\USUARIO\.stmcufinder\plugins\mcufinder
2023-11-30 21:21:34,668 [INFO] ApiDb:250 - Set database path to: C:\Users\USUARIO\.stmcufinder\plugins\mcufinder//mcu/
2023-11-30 21:21:34,668 [WARN] DbFile:41 - Overriding database path with different value: C:\Users\USUARIO\.stmcufinder\plugins\mcufinder/ => C:\Users\USUARIO\.stmcufinder\plugins\mcufinder
2023-11-30 21:21:34,668 [INFO] DbMcusAds:125 - Set database path to: C:\Users\USUARIO\.stmcufinder\plugins\mcufinder//mcu/
2023-11-30 21:21:34,668 [WARN] DbFile:41 - Overriding database path with different value: C:\Users\USUARIO\.stmcufinder\plugins\mcufinder/ => C:\Users\USUARIO\.stmcufinder\plugins\mcufinder
2023-11-30 21:21:34,668 [WARN] DbFile:41 - Overriding database path with different value: C:\Users\USUARIO\.stmcufinder\plugins\mcufinder/ => C:\Users\USUARIO\.stmcufinder\plugins\mcufinder
2023-11-30 21:21:34,668 [INFO] CrossReferenceDbSqlite:203 - Set database path to: C:\Users\USUARIO\.stmcufinder\plugins\mcufinder//mcu/cs/
2023-11-30 21:21:34,699 [INFO] ApplicationProperties:184 - Using Application install path: C:\ST\STM32CubeIDE_1.13.2\STM32CubeIDE\plugins\com.st.stm32cube.common.mx_6.9.2.202309101412
2023-11-30 21:21:34,700 [INFO] PluginManage:196 - Search for loadable plugins [exclusion list=, ]
2023-11-30 21:21:34,702 [INFO] PluginManage:310 - Check plugin analytics
2023-11-30 21:21:34,968 [INFO] AnalyticsPlugin:253 - Accepted Software Licenses: 
2023-11-30 21:21:34,969 [INFO] AnalyticsPlugin:255 - Accepted CMSIS Pack Licenses: 
2023-11-30 21:21:34,969 [INFO] AnalyticsPlugin:257 - Accepted Firmware Licenses: FW.F4.1.27.0
2023-11-30 21:21:34,972 [INFO] PluginManage:359 - Loaded plugin analytics (category:tool,tabindex:-1)
2023-11-30 21:21:34,973 [INFO] PluginManage:310 - Check plugin cadmodel
2023-11-30 21:21:34,992 [INFO] CADModel:105 - Init CAD model plugin
2023-11-30 21:21:34,992 [INFO] PluginManage:359 - Loaded plugin cadmodel (category:power,tabindex:5)
2023-11-30 21:21:34,992 [INFO] PluginManage:310 - Check plugin clock
2023-11-30 21:21:35,014 [INFO] PluginManage:359 - Loaded plugin clock (category:base,tabindex:2)
2023-11-30 21:21:35,014 [INFO] PluginManage:310 - Check plugin ddr
2023-11-30 21:21:35,019 [INFO] PluginManage:359 - Loaded plugin ddr (category:tool,tabindex:6)
2023-11-30 21:21:35,019 [INFO] PluginManage:310 - Check plugin filemanager
2023-11-30 21:21:35,193 [INFO] PluginManage:359 - Loaded plugin filemanager (category:base,tabindex:10)
2023-11-30 21:21:35,193 [INFO] PluginManage:310 - Check plugin ipmanager
2023-11-30 21:21:35,203 [INFO] PluginManage:359 - Loaded plugin ipmanager (category:base,tabindex:5)
2023-11-30 21:21:35,203 [INFO] PluginManage:310 - Check plugin lpbam
2023-11-30 21:21:35,226 [INFO] PluginManage:359 - Loaded plugin lpbam (category:base,tabindex:0)
2023-11-30 21:21:35,226 [INFO] PluginManage:310 - Check plugin memorymap
2023-11-30 21:21:35,256 [INFO] PluginManage:359 - Loaded plugin memorymap (category:base,tabindex:4)
2023-11-30 21:21:35,256 [INFO] PluginManage:310 - Check plugin pinoutandconfiguration
2023-11-30 21:21:35,274 [INFO] PluginManage:359 - Loaded plugin pinoutandconfiguration (category:base,tabindex:1)
2023-11-30 21:21:35,274 [INFO] PluginManage:310 - Check plugin pinoutconfig
2023-11-30 21:21:35,407 [WARN] SupportedApi:132 - Cannot load RTOS API schema: s4s-elt-must-match.1: The content of 'definitions' must match (annotation?, (simpleType | complexType)?, (unique | key | keyref)*)). A problem was found starting at: attribute.
2023-11-30 21:21:35,612 [INFO] PluginManage:359 - Loaded plugin pinoutconfig (category:base,tabindex:0)
2023-11-30 21:21:35,612 [INFO] PluginManage:310 - Check plugin power
2023-11-30 21:21:35,636 [INFO] PluginManage:359 - Loaded plugin power (category:power,tabindex:4)
2023-11-30 21:21:35,637 [INFO] PluginManage:310 - Check plugin projectmanager
2023-11-30 21:21:35,656 [INFO] PluginManage:359 - Loaded plugin projectmanager (category:projectmanager,tabindex:3)
2023-11-30 21:21:35,656 [INFO] PluginManage:310 - Check plugin thirdparty
2023-11-30 21:21:35,945 [INFO] PluginManage:359 - Loaded plugin thirdparty (category:base,tabindex:-1)
2023-11-30 21:21:35,945 [WARN] IntegrityCheckThread:84 - waiting for thirdparty lock release [integrity check]
2023-11-30 21:21:35,946 [INFO] PluginManage:310 - Check plugin tools
2023-11-30 21:21:35,946 [INFO] IntegrityCheckThread:86 - entering critical section [integrity check]
2023-11-30 21:21:35,946 [INFO] ThirdPartyUpdaterWithRetryManager:70 - Updater plugin not ready yet. [1/15]
2023-11-30 21:21:35,984 [INFO] PluginManage:359 - Loaded plugin tools (category:base,tabindex:7)
2023-11-30 21:21:35,984 [INFO] PluginManage:310 - Check plugin tutovideos
2023-11-30 21:21:36,255 [INFO] PluginManage:359 - Loaded plugin tutovideos (category:base,tabindex:-1)
2023-11-30 21:21:36,255 [INFO] PluginManage:310 - Check plugin updater
2023-11-30 21:21:36,267 [INFO] PluginManage:359 - Loaded plugin updater (category:base,tabindex:12)
2023-11-30 21:21:36,267 [INFO] PluginManage:310 - Check plugin userauth
2023-11-30 21:21:36,273 [INFO] UserAuth:113 - Init User Auth plugin
2023-11-30 21:21:36,273 [INFO] PluginManage:359 - Loaded plugin userauth (category:base,tabindex:14)
2023-11-30 21:21:36,275 [INFO] PluginManage:283 - PluginManage : Loaded plugins [17]
2023-11-30 21:21:36,577 [INFO] PinOutPanel:1499 - setPackage(No Configuration,No Configuration)
2023-11-30 21:21:36,725 [INFO] CADModel:165 - CPN selected for project level
2023-11-30 21:21:36,725 [INFO] CADModel:114 - Register for checkConnection events
2023-11-30 21:21:36,759 [INFO] IPUIPlugin:80 - create IPUIPlugin
2023-11-30 21:21:36,759 [INFO] PluginManager:220 - loadIPPluginJar : add adc
2023-11-30 21:21:36,797 [INFO] IPUIPlugin:80 - create IPUIPlugin
2023-11-30 21:21:36,798 [INFO] PluginManager:220 - loadIPPluginJar : add aes
2023-11-30 21:21:36,840 [INFO] IPUIPlugin:80 - create IPUIPlugin
2023-11-30 21:21:36,840 [INFO] PluginManager:220 - loadIPPluginJar : add can
2023-11-30 21:21:36,863 [INFO] IPUIPlugin:80 - create IPUIPlugin
2023-11-30 21:21:36,863 [INFO] PluginManager:220 - loadIPPluginJar : add comp
2023-11-30 21:21:36,898 [INFO] IPUIPlugin:80 - create IPUIPlugin
2023-11-30 21:21:36,898 [INFO] PluginManager:220 - loadIPPluginJar : add cryp
2023-11-30 21:21:36,927 [INFO] IPUIPlugin:80 - create IPUIPlugin
2023-11-30 21:21:36,927 [INFO] PluginManager:220 - loadIPPluginJar : add dfsdm
2023-11-30 21:21:36,941 [INFO] IPUIPlugin:80 - create IPUIPlugin
2023-11-30 21:21:36,942 [INFO] PluginManager:220 - loadIPPluginJar : add dma
2023-11-30 21:21:36,985 [INFO] IPUIPlugin:80 - create IPUIPlugin
2023-11-30 21:21:36,985 [INFO] PluginManager:220 - loadIPPluginJar : add dma3
2023-11-30 21:21:37,005 [INFO] IPUIPlugin:80 - create IPUIPlugin
2023-11-30 21:21:37,005 [INFO] PluginManager:220 - loadIPPluginJar : add fatfs
2023-11-30 21:21:37,050 [INFO] IPUIPlugin:80 - create IPUIPlugin
2023-11-30 21:21:37,051 [INFO] PluginManager:220 - loadIPPluginJar : add fmc
2023-11-30 21:21:37,066 [INFO] IPUIPlugin:80 - create IPUIPlugin
2023-11-30 21:21:37,066 [INFO] PluginManager:220 - loadIPPluginJar : add freertos
2023-11-30 21:21:37,086 [INFO] IPUIPlugin:80 - create IPUIPlugin
2023-11-30 21:21:37,086 [INFO] PluginManager:220 - loadIPPluginJar : add genericplugin
2023-11-30 21:21:37,181 [INFO] IPUIPlugin:80 - create IPUIPlugin
2023-11-30 21:21:37,181 [INFO] PluginManager:220 - loadIPPluginJar : add gfxmmu
2023-11-30 21:21:37,316 [INFO] IPUIPlugin:80 - create IPUIPlugin
2023-11-30 21:21:37,316 [INFO] PluginManager:220 - loadIPPluginJar : add gic
2023-11-30 21:21:37,327 [INFO] IPUIPlugin:80 - create IPUIPlugin
2023-11-30 21:21:37,327 [INFO] PluginManager:220 - loadIPPluginJar : add gpio
2023-11-30 21:21:37,419 [INFO] IPUIPlugin:80 - create IPUIPlugin
2023-11-30 21:21:37,419 [INFO] PluginManager:220 - loadIPPluginJar : add gtzc
2023-11-30 21:21:37,451 [INFO] IPUIPlugin:80 - create IPUIPlugin
2023-11-30 21:21:37,451 [INFO] PluginManager:220 - loadIPPluginJar : add hash
2023-11-30 21:21:37,505 [INFO] IPUIPlugin:80 - create IPUIPlugin
2023-11-30 21:21:37,505 [INFO] PluginManager:220 - loadIPPluginJar : add i2c
2023-11-30 21:21:37,544 [INFO] IPUIPlugin:80 - create IPUIPlugin
2023-11-30 21:21:37,544 [INFO] PluginManager:220 - loadIPPluginJar : add i2s
2023-11-30 21:21:37,587 [INFO] IPUIPlugin:80 - create IPUIPlugin
2023-11-30 21:21:37,587 [INFO] PluginManager:220 - loadIPPluginJar : add i3c
2023-11-30 21:21:37,694 [INFO] IPUIPlugin:80 - create IPUIPlugin
2023-11-30 21:21:37,694 [INFO] PluginManager:220 - loadIPPluginJar : add ipddr
2023-11-30 21:21:37,788 [INFO] IPUIPlugin:80 - create IPUIPlugin
2023-11-30 21:21:37,789 [INFO] PluginManager:220 - loadIPPluginJar : add linkedlist
2023-11-30 21:21:37,824 [INFO] IPUIPlugin:80 - create IPUIPlugin
2023-11-30 21:21:37,824 [INFO] PluginManager:220 - loadIPPluginJar : add lorawan
2023-11-30 21:21:37,860 [INFO] IPUIPlugin:80 - create IPUIPlugin
2023-11-30 21:21:37,860 [INFO] PluginManager:220 - loadIPPluginJar : add ltdc
2023-11-30 21:21:37,875 [INFO] IPUIPlugin:80 - create IPUIPlugin
2023-11-30 21:21:37,875 [INFO] PluginManager:220 - loadIPPluginJar : add mdma
2023-11-30 21:21:37,887 [INFO] IPUIPlugin:80 - create IPUIPlugin
2023-11-30 21:21:37,887 [INFO] PluginManager:220 - loadIPPluginJar : add nvic
2023-11-30 21:21:37,921 [INFO] IPUIPlugin:80 - create IPUIPlugin
2023-11-30 21:21:37,921 [INFO] PluginManager:220 - loadIPPluginJar : add opamp
2023-11-30 21:21:37,983 [INFO] IPUIPlugin:80 - create IPUIPlugin
2023-11-30 21:21:37,983 [INFO] PluginManager:220 - loadIPPluginJar : add openamp
2023-11-30 21:21:38,027 [INFO] IPUIPlugin:80 - create IPUIPlugin
2023-11-30 21:21:38,027 [INFO] PluginManager:220 - loadIPPluginJar : add pdm2pcm
2023-11-30 21:21:38,041 [INFO] IPUIPlugin:80 - create IPUIPlugin
2023-11-30 21:21:38,044 [INFO] PluginManager:220 - loadIPPluginJar : add plateformsettings
2023-11-30 21:21:38,066 [INFO] IPUIPlugin:80 - create IPUIPlugin
2023-11-30 21:21:38,067 [INFO] PluginManager:220 - loadIPPluginJar : add quadspi
2023-11-30 21:21:38,078 [INFO] IPUIPlugin:80 - create IPUIPlugin
2023-11-30 21:21:38,078 [INFO] PluginManager:220 - loadIPPluginJar : add resmgrutility
2023-11-30 21:21:38,126 [INFO] IPUIPlugin:80 - create IPUIPlugin
2023-11-30 21:21:38,126 [INFO] PluginManager:220 - loadIPPluginJar : add sai
2023-11-30 21:21:38,165 [INFO] IPUIPlugin:80 - create IPUIPlugin
2023-11-30 21:21:38,165 [INFO] PluginManager:220 - loadIPPluginJar : add spi
2023-11-30 21:21:38,231 [INFO] IPUIPlugin:80 - create IPUIPlugin
2023-11-30 21:21:38,231 [INFO] PluginManager:220 - loadIPPluginJar : add stm32_wpan
2023-11-30 21:21:38,254 [INFO] IPUIPlugin:80 - create IPUIPlugin
2023-11-30 21:21:38,254 [INFO] PluginManager:220 - loadIPPluginJar : add tim
2023-11-30 21:21:38,309 [INFO] IPUIPlugin:80 - create IPUIPlugin
2023-11-30 21:21:38,309 [INFO] PluginManager:220 - loadIPPluginJar : add touchsensing
2023-11-30 21:21:38,332 [INFO] IPUIPlugin:80 - create IPUIPlugin
2023-11-30 21:21:38,332 [INFO] PluginManager:220 - loadIPPluginJar : add tracer_emb
2023-11-30 21:21:38,353 [INFO] IPUIPlugin:80 - create IPUIPlugin
2023-11-30 21:21:38,353 [INFO] PluginManager:220 - loadIPPluginJar : add ts
2023-11-30 21:21:38,374 [INFO] IPUIPlugin:80 - create IPUIPlugin
2023-11-30 21:21:38,374 [INFO] PluginManager:220 - loadIPPluginJar : add tsc
2023-11-30 21:21:38,394 [INFO] IPUIPlugin:80 - create IPUIPlugin
2023-11-30 21:21:38,395 [INFO] PluginManager:220 - loadIPPluginJar : add ucpd
2023-11-30 21:21:38,437 [INFO] IPUIPlugin:80 - create IPUIPlugin
2023-11-30 21:21:38,437 [INFO] PluginManager:220 - loadIPPluginJar : add usart
2023-11-30 21:21:38,481 [INFO] IPUIPlugin:80 - create IPUIPlugin
2023-11-30 21:21:38,481 [INFO] PluginManager:220 - loadIPPluginJar : add usbx
2023-11-30 21:21:38,622 [INFO] CADModel:165 - CPN selected for project level
2023-11-30 21:21:38,622 [INFO] CADModel:114 - Register for checkConnection events
2023-11-30 21:21:38,622 [FATAL] Updater:308 - Updater called before beeing initialized
2023-11-30 21:21:38,623 [ERROR] CADModel:125 - Updater not yet initialized, retry later 
2023-11-30 21:21:38,816 [INFO] CADModel:165 - CPN selected for project level
2023-11-30 21:21:38,817 [INFO] CADModel:114 - Register for checkConnection events
2023-11-30 21:21:38,817 [FATAL] Updater:308 - Updater called before beeing initialized
2023-11-30 21:21:38,817 [ERROR] CADModel:125 - Updater not yet initialized, retry later 
2023-11-30 21:21:38,821 [FATAL] Updater:308 - Updater called before beeing initialized
2023-11-30 21:21:38,944 [FATAL] Updater:308 - Updater called before beeing initialized
2023-11-30 21:21:38,957 [INFO] DbMcusAds:53 - JSON generation date=Tue Mar 07 05:50:55 ART 2023 (1678179055114)
2023-11-30 21:21:38,958 [FATAL] Updater:308 - Updater called before beeing initialized
2023-11-30 21:21:38,962 [INFO] ThirdPartyUpdaterWithRetryManager:70 - Updater plugin not ready yet. [2/15]
2023-11-30 21:21:39,049 [WARN] DetailPanel:346 - Failed to get advertising image, set to default
2023-11-30 21:21:39,149 [FATAL] Updater:308 - Updater called before beeing initialized
2023-11-30 21:21:39,153 [FATAL] Updater:308 - Updater called before beeing initialized
2023-11-30 21:21:39,153 [FATAL] Updater:308 - Updater called before beeing initialized
2023-11-30 21:21:39,153 [WARN] DetailPanel:346 - Failed to get advertising image, set to default
2023-11-30 21:21:39,154 [FATAL] Updater:308 - Updater called before beeing initialized
2023-11-30 21:21:39,225 [ERROR] Updater:1120 - MainUpdater not yet initialized. External WinMGr cannot be set.
2023-11-30 21:21:39,238 [INFO] Updater:1056 - Updater Version found : 6.9.2
2023-11-30 21:21:39,257 [INFO] ApplicationProperties:184 - Using Application install path: C:\ST\STM32CubeIDE_1.13.2\STM32CubeIDE\plugins\com.st.stm32cube.common.mx_6.9.2.202309101412
2023-11-30 21:21:39,471 [INFO] MainUpdater:2868 - connection check result : 10
2023-11-30 21:21:39,473 [INFO] MainUpdater:285 - Updater Check For Update Now.
2023-11-30 21:21:39,473 [INFO] MicroXplorer:498 - Change Database Version : DB.6.0.92
2023-11-30 21:21:39,492 [INFO] McuFinderGlobals:63 - Set McuFinder mode to 2 (CubeIDE integrated)
2023-11-30 21:21:39,716 [INFO] CheckServerUpdateThread:120 - End of CheckServer Thread
2023-11-30 21:21:42,181 [WARN] PackLoader:240 - Cannot read IP mode file for STMicroelectronics.X-CUBE-SMBUS.2.1.0
2023-11-30 21:21:42,236 [WARN] PackLoader:240 - Cannot read IP mode file for STMicroelectronics.X-CUBE-AZRTOS-F7.1.1.0
2023-11-30 21:21:42,258 [WARN] PackLoader:240 - Cannot read IP mode file for STMicroelectronics.FP-SNS-MOTENV1.4.3.2
2023-11-30 21:21:42,273 [WARN] PackLoader:240 - Cannot read IP mode file for STMicroelectronics.FP-SNS-FLIGHT1.5.0.2
2023-11-30 21:21:42,304 [WARN] PackLoader:240 - Cannot read IP mode file for STMicroelectronics.X-CUBE-DISPLAY.3.0.0
2023-11-30 21:21:42,330 [WARN] PackLoader:240 - Cannot read IP mode file for STMicroelectronics.X-CUBE-BLE1.7.0.0
2023-11-30 21:21:42,345 [WARN] PackLoader:240 - Cannot read IP mode file for emotas.I-CUBE-CANOPEN.1.3.0
2023-11-30 21:21:42,360 [WARN] PackLoader:240 - Cannot read IP mode file for STMicroelectronics.X-CUBE-TOUCHGFX.4.22.1
2023-11-30 21:21:42,375 [WARN] PackLoader:240 - Cannot read IP mode file for STMicroelectronics.FP-SNS-SMARTAG2.1.2.0
2023-11-30 21:21:42,399 [INFO] LogOutputStream:77 - [STDOUT_REDIRECT] 1 : Invalid condition id : UX_CORESTACK_Condition cause : null
2023-11-30 21:21:42,400 [INFO] LogOutputStream:77 - [STDOUT_REDIRECT] 1 : Invalid condition id : UX_CORESTACK_Condition cause : null
2023-11-30 21:21:42,401 [INFO] LogOutputStream:77 - [STDOUT_REDIRECT] 1 : Invalid condition id : UX_CORESTACK_Condition cause : null
2023-11-30 21:21:42,402 [INFO] LogOutputStream:77 - [STDOUT_REDIRECT] 1 : Invalid condition id : UX_CORESTACK_Condition cause : null
2023-11-30 21:21:42,403 [INFO] LogOutputStream:77 - [STDOUT_REDIRECT] 1 : Invalid condition id : UX_CORESTACK_Condition cause : null
2023-11-30 21:21:42,407 [WARN] PackLoader:240 - Cannot read IP mode file for STMicroelectronics.X-CUBE-AZRTOS-WL.2.0.0
2023-11-30 21:21:42,427 [WARN] PackLoader:240 - Cannot read IP mode file for WES.I-CUBE-Cesium.1.3.0
2023-11-30 21:21:42,441 [WARN] PackLoader:240 - Cannot read IP mode file for STMicroelectronics.X-CUBE-BLE2.3.3.0
2023-11-30 21:21:42,460 [WARN] PackLoader:240 - Cannot read IP mode file for STMicroelectronics.X-CUBE-ALGOBUILD.1.3.0
2023-11-30 21:21:42,493 [WARN] PackLoader:240 - Cannot read IP mode file for STMicroelectronics.X-CUBE-AZRTOS-G0.1.1.0
2023-11-30 21:21:42,509 [WARN] PackLoader:240 - Cannot read IP mode file for STMicroelectronics.X-CUBE-NFC4.3.0.0
2023-11-30 21:21:42,528 [WARN] PackLoader:240 - Cannot read IP mode file for STMicroelectronics.X-CUBE-BLEMGR.3.0.0
2023-11-30 21:21:42,540 [WARN] PackLoader:240 - Cannot read IP mode file for STMicroelectronics.FP-ATR-SIGFOX1.3.2.0
2023-11-30 21:21:42,555 [WARN] PackLoader:240 - Cannot read IP mode file for STMicroelectronics.X-CUBE-GNSS1.6.0.0
2023-11-30 21:21:42,585 [WARN] PackLoader:240 - Cannot read IP mode file for STMicroelectronics.X-CUBE-AZRTOS-F4.1.1.0
2023-11-30 21:21:42,599 [WARN] PackLoader:240 - Cannot read IP mode file for wolfSSL.I-CUBE-wolfSSL.5.6.3
2023-11-30 21:21:42,628 [WARN] PackLoader:240 - Cannot read IP mode file for STMicroelectronics.X-CUBE-AZRTOS-L5.2.0.0
2023-11-30 21:21:42,643 [WARN] PackLoader:240 - Cannot read IP mode file for STMicroelectronics.X-CUBE-EEPRMA1.4.2.0
2023-11-30 21:21:42,657 [WARN] PackLoader:240 - Cannot read IP mode file for ITTIA_DB.I-CUBE-ITTIADB.8.8.0
2023-11-30 21:21:42,672 [WARN] PackLoader:240 - Cannot read IP mode file for STMicroelectronics.X-CUBE-BLEMGR.2.0.0
2023-11-30 21:21:42,704 [WARN] ConditionMgr:438 - getConditionDescription Invalid condition id : UX DEVICE CLASS RTOS Condition cause : null
2023-11-30 21:21:42,705 [WARN] ConditionMgr:438 - getConditionDescription Invalid condition id : UX DEVICE CLASS RTOS Condition cause : null
2023-11-30 21:21:42,707 [WARN] PackLoader:240 - Cannot read IP mode file for STMicroelectronics.X-CUBE-AZRTOS-H7.3.1.0
2023-11-30 21:21:42,708 [WARN] ConditionMgr:1039 - genDependencies : Invalid condition id : UX DEVICE CLASS RTOS Condition cause : null
2023-11-30 21:21:42,708 [WARN] ConditionMgr:1039 - genDependencies : Invalid condition id : UX DEVICE CLASS RTOS Condition cause : null
2023-11-30 21:21:42,708 [WARN] ConditionMgr:1039 - genDependencies : Invalid condition id : UX DEVICE CLASS RTOS Condition cause : null
2023-11-30 21:21:42,709 [WARN] ConditionMgr:1039 - genDependencies : Invalid condition id : UX DEVICE CLASS RTOS Condition cause : null
2023-11-30 21:21:42,709 [WARN] ConditionMgr:1039 - genDependencies : Invalid condition id : UX DEVICE CLASS RTOS Condition cause : null
2023-11-30 21:21:42,723 [WARN] PackLoader:240 - Cannot read IP mode file for STMicroelectronics.X-CUBE-NFC7.1.0.1
2023-11-30 21:21:42,742 [WARN] PackLoader:240 - Cannot read IP mode file for STMicroelectronics.X-CUBE-NFC6.3.0.0
2023-11-30 21:21:42,757 [WARN] PackLoader:240 - Cannot read IP mode file for STMicroelectronics.X-CUBE-AI.8.1.0
2023-11-30 21:21:42,787 [WARN] ConditionMgr:438 - getConditionDescription Invalid condition id : LAN8742 Phy interface Condition cause : null
2023-11-30 21:21:42,788 [WARN] PackLoader:240 - Cannot read IP mode file for STMicroelectronics.X-CUBE-AZRTOS-L4.2.0.0
2023-11-30 21:21:42,789 [WARN] ConditionMgr:1039 - genDependencies : Invalid condition id : LAN8742 Phy interface Condition cause : null
2023-11-30 21:21:42,789 [WARN] ConditionMgr:1039 - genDependencies : Invalid condition id : LAN8742 Phy interface Condition cause : null
2023-11-30 21:21:42,790 [WARN] ConditionMgr:1039 - genDependencies : Invalid condition id : LAN8742 Phy interface Condition cause : null
2023-11-30 21:21:42,807 [WARN] PackLoader:240 - Cannot read IP mode file for STMicroelectronics.X-CUBE-SFXS2LP1.4.0.0
2023-11-30 21:21:42,823 [WARN] PackLoader:240 - Cannot read IP mode file for STMicroelectronics.X-CUBE-ISPU.1.1.0
2023-11-30 21:21:42,855 [WARN] ConditionMgr:438 - getConditionDescription Invalid condition id : UX DEVICE CLASS RTOS Condition cause : null
2023-11-30 21:21:42,855 [WARN] ConditionMgr:438 - getConditionDescription Invalid condition id : UX DEVICE CLASS RTOS Condition cause : null
2023-11-30 21:21:42,857 [WARN] PackLoader:240 - Cannot read IP mode file for STMicroelectronics.X-CUBE-AZRTOS-WB.2.0.0
2023-11-30 21:21:42,858 [WARN] ConditionMgr:1039 - genDependencies : Invalid condition id : UX DEVICE CLASS RTOS Condition cause : null
2023-11-30 21:21:42,858 [WARN] ConditionMgr:1039 - genDependencies : Invalid condition id : UX DEVICE CLASS RTOS Condition cause : null
2023-11-30 21:21:42,859 [WARN] ConditionMgr:1039 - genDependencies : Invalid condition id : UX DEVICE CLASS RTOS Condition cause : null
2023-11-30 21:21:42,859 [WARN] ConditionMgr:1039 - genDependencies : Invalid condition id : UX DEVICE CLASS RTOS Condition cause : null
2023-11-30 21:21:42,859 [WARN] ConditionMgr:1039 - genDependencies : Invalid condition id : UX DEVICE CLASS RTOS Condition cause : null
2023-11-30 21:21:42,876 [WARN] PackLoader:240 - Cannot read IP mode file for STMicroelectronics.X-CUBE-SUBG2.5.0.0
2023-11-30 21:21:42,902 [WARN] PackLoader:240 - Cannot read IP mode file for STMicroelectronics.X-CUBE-TOF1.3.3.1
2023-11-30 21:21:42,938 [WARN] PackLoader:240 - Cannot read IP mode file for STMicroelectronics.X-CUBE-AZRTOS-G4.2.0.0
2023-11-30 21:21:42,963 [WARN] PackLoader:240 - Cannot read IP mode file for Infineon.AIROC-Wi-Fi-Bluetooth-STM32.1.5.1
2023-11-30 21:21:42,979 [WARN] PackLoader:240 - Cannot read IP mode file for STMicroelectronics.FP-SNS-MOTENVWB1.1.3.0
2023-11-30 21:21:43,030 [WARN] PackLoader:240 - Cannot read IP mode file for STMicroelectronics.X-CUBE-MEMS1.10.0.0
2023-11-30 21:21:43,192 [WARN] PackLoader:240 - Cannot read IP mode file for STMicroelectronics.X-CUBE-FREERTOS.1.1.0
2023-11-30 21:21:43,208 [WARN] PackLoader:240 - Cannot read IP mode file for portGmbH.I-Cube-SoM-uGOAL.1.1.0
2023-11-30 21:21:43,223 [WARN] PackLoader:240 - Cannot read IP mode file for STMicroelectronics.X-CUBE-ALS.1.0.1
2023-11-30 21:21:43,239 [WARN] PackLoader:240 - Cannot read IP mode file for STMicroelectronics.FP-ATR-ASTRA1.2.0.0
2023-11-30 21:21:43,281 [WARN] PackLoader:240 - Cannot read IP mode file for STMicroelectronics.X-CUBE-TOF1.3.4.0
2023-11-30 21:21:43,296 [INFO] ThirdParty:978 - Integrity check success = true
2023-11-30 21:21:43,296 [INFO] IntegrityCheckThread:100 - exiting critical section [integrity check]
2023-11-30 21:21:43,296 [INFO] IntegrityCheckThread:103 - End integrity checks thread
2023-11-30 21:22:01,427 [ERROR] LogOutputStream:75 - [STDERR_REDIRECT] SLF4J: Failed to load class "org.slf4j.impl.StaticLoggerBinder".
2023-11-30 21:22:01,427 [ERROR] LogOutputStream:75 - [STDERR_REDIRECT] SLF4J: Defaulting to no-operation (NOP) logger implementation
2023-11-30 21:22:01,429 [ERROR] LogOutputStream:75 - [STDERR_REDIRECT] SLF4J: See http://www.slf4j.org/codes.html#StaticLoggerBinder for further details.
