2023-12-04 18:57:15,157 [INFO] MainUpdater:2868 - connection check result : 10
2023-12-04 18:57:15,198 [INFO] MainUpdater:2868 - connection check result : 10
2023-12-04 18:57:15,558 [INFO] MicroXplorer:468 - Change Database Path : 
2023-12-04 18:57:15,559 [INFO] MicroXplorer:498 - Change Database Version : DB.6.0.92
2023-12-04 18:57:15,770 [WARN] ThirdParty:871 - waiting for thirdparty lock release [close project]
2023-12-04 18:57:15,770 [INFO] ThirdParty:873 - entering critical section [close project]
2023-12-04 18:57:15,770 [INFO] ThirdParty:883 - exiting critical section [close project]
2023-12-04 18:57:15,772 [INFO] PinOutPanel:1499 - setPackage(No Configuration,No Configuration)
2023-12-04 18:57:15,778 [WARN] IpParametersView:151 - Warning: This peripheral hasn't parameters
2023-12-04 18:57:15,784 [WARN] MainPanel:272 - <html><b><center>Warning: This peripheral has no parameters to be configured<br></b></html>
2023-12-04 18:57:15,788 [INFO] UtilMem:75 - Begin LoadConfig() Used Memory: 809475096 Bytes (1073741824)
2023-12-04 18:57:15,788 [INFO] MicroXplorer:468 - Change Database Path : 
2023-12-04 18:57:15,788 [INFO] MicroXplorer:498 - Change Database Version : DB.6.0.92
2023-12-04 18:57:15,788 [INFO] OpenFileManager:308 - Change cursor
2023-12-04 18:57:15,865 [INFO] RulesReader:64 - Compatibility file has been processed (293 Rules)
2023-12-04 18:57:15,882 [INFO] Mcu:1946 - Initializing MCU STM32F401R(D-E)Tx STM32F401RETx STM32F401RET6
2023-12-04 18:57:19,039 [INFO] Context:659 - Trying to add GPIOservice into a context  which must be forbidden
2023-12-04 18:57:19,975 [INFO] RtosManager:555 - Registered RTOS mode: class=CMSIS, group=RTOS, mode=CMSIS_V1, owner=FREERTOS
2023-12-04 18:57:19,976 [INFO] RtosManager:555 - Registered RTOS mode: class=CMSIS, group=RTOS2, mode=CMSIS_V2, owner=FREERTOS
2023-12-04 18:57:19,976 [INFO] RtosManager:555 - Registered RTOS mode: class=RTOS, group=Core, mode=CMSIS_V1, owner=FREERTOS
2023-12-04 18:57:19,976 [INFO] RtosManager:555 - Registered RTOS mode: class=RTOS, group=Core, mode=CMSIS_V2, owner=FREERTOS
2023-12-04 18:57:19,977 [WARN] ModelIntegratedComponent:184 - Missing modes for component STMicroelectronics:FreeRTOS:0.0.1:STMicroelectronics:RTOS:FreeRTOS:Core:::10.2.0:
2023-12-04 18:57:20,080 [WARN] ModelIntegratedComponent:63 - No mode defined for component null
2023-12-04 18:57:20,080 [WARN] ModelIntegratedComponent:63 - No mode defined for component null
2023-12-04 18:57:20,080 [WARN] ModelIntegratedComponent:63 - No mode defined for component null
2023-12-04 18:57:20,081 [WARN] ModelIntegratedComponent:63 - No mode defined for component null
2023-12-04 18:57:20,081 [WARN] ModelIntegratedComponent:63 - No mode defined for component null
2023-12-04 18:57:20,081 [WARN] ModelIntegratedComponent:63 - No mode defined for component null
2023-12-04 18:57:20,082 [WARN] ModelIntegratedComponent:63 - No mode defined for component null
2023-12-04 18:57:20,082 [WARN] ModelIntegratedComponent:63 - No mode defined for component null
2023-12-04 18:57:20,082 [WARN] ModelIntegratedComponent:63 - No mode defined for component null
2023-12-04 18:57:20,083 [WARN] ModelIntegratedComponent:63 - No mode defined for component null
2023-12-04 18:57:20,083 [WARN] ModelIntegratedComponent:63 - No mode defined for component null
2023-12-04 18:57:20,083 [WARN] ModelIntegratedComponent:63 - No mode defined for component null
2023-12-04 18:57:20,084 [WARN] ModelIntegratedComponent:63 - No mode defined for component null
2023-12-04 18:57:20,084 [WARN] ModelIntegratedComponent:63 - No mode defined for component null
2023-12-04 18:57:20,084 [WARN] ModelIntegratedComponent:63 - No mode defined for component null
2023-12-04 18:57:20,085 [WARN] ModelIntegratedComponent:63 - No mode defined for component null
2023-12-04 18:57:20,086 [WARN] ModelIntegratedComponent:63 - No mode defined for component null
2023-12-04 18:57:20,086 [WARN] ModelIntegratedComponent:63 - No mode defined for component null
2023-12-04 18:57:20,086 [WARN] ModelIntegratedComponent:63 - No mode defined for component null
2023-12-04 18:57:20,087 [WARN] ModelIntegratedComponent:63 - No mode defined for component null
2023-12-04 18:57:20,087 [WARN] ModelIntegratedComponent:63 - No mode defined for component null
2023-12-04 18:57:20,088 [WARN] ModelIntegratedComponent:63 - No mode defined for component null
2023-12-04 18:57:20,088 [WARN] ModelIntegratedComponent:63 - No mode defined for component null
2023-12-04 18:57:20,088 [WARN] ModelIntegratedComponent:63 - No mode defined for component null
2023-12-04 18:57:20,089 [WARN] ModelIntegratedComponent:63 - No mode defined for component null
2023-12-04 18:57:20,089 [WARN] ModelIntegratedComponent:63 - No mode defined for component null
2023-12-04 18:57:20,089 [WARN] ModelIntegratedComponent:63 - No mode defined for component null
2023-12-04 18:57:20,089 [WARN] ModelIntegratedComponent:63 - No mode defined for component null
2023-12-04 18:57:20,089 [WARN] ModelIntegratedComponent:63 - No mode defined for component null
2023-12-04 18:57:20,090 [WARN] ModelIntegratedComponent:63 - No mode defined for component null
2023-12-04 18:57:20,091 [WARN] ModelIntegratedComponent:63 - No mode defined for component null
2023-12-04 18:57:20,091 [WARN] ModelIntegratedComponent:63 - No mode defined for component null
2023-12-04 18:57:20,091 [WARN] ModelIntegratedComponent:63 - No mode defined for component null
2023-12-04 18:57:21,251 [INFO] ThirdPartyModel:298 - Start build external matchings
2023-12-04 18:57:24,847 [INFO] ThirdPartyModel:316 - End build external matchings
2023-12-04 18:57:25,340 [INFO] UtilMem:75 - End LoadConfig() Used Memory: 854954800 Bytes (1073741824)
2023-12-04 18:57:25,413 [WARN] ThirdParty:833 - waiting for thirdparty lock release [change project]
2023-12-04 18:57:25,414 [INFO] ThirdParty:835 - entering critical section [change project]
2023-12-04 18:57:25,414 [INFO] ThirdParty:1030 - CMSIS Pack Vendor :STMicroelectronics X-CUBE-ISPU 1.1.0
2023-12-04 18:57:25,414 [INFO] ThirdParty:1030 - CMSIS Pack Vendor :STMicroelectronics USBPD 4.1
2023-12-04 18:57:25,414 [INFO] ThirdParty:1030 - CMSIS Pack Vendor :STMicroelectronics X-CUBE-GNSS1 6.0.0
2023-12-04 18:57:25,414 [INFO] ThirdParty:1030 - CMSIS Pack Vendor :STMicroelectronics USB_HOST 2.0.0
2023-12-04 18:57:25,414 [INFO] ThirdParty:1030 - CMSIS Pack Vendor :STMicroelectronics X-CUBE-AZRTOS-F4 1.1.0
2023-12-04 18:57:25,414 [INFO] ThirdParty:1030 - CMSIS Pack Vendor :STMicroelectronics LIBJPEG 8.0.0
2023-12-04 18:57:25,414 [INFO] ThirdParty:1030 - CMSIS Pack Vendor :wolfSSL I-CUBE-wolfSSL 5.6.3
2023-12-04 18:57:25,414 [INFO] ThirdParty:1030 - CMSIS Pack Vendor :STMicroelectronics X-CUBE-SMBUS 2.1.0
2023-12-04 18:57:25,414 [INFO] ThirdParty:1030 - CMSIS Pack Vendor :STMicroelectronics USB_DEVICE 3.0.0
2023-12-04 18:57:25,414 [INFO] ThirdParty:1030 - CMSIS Pack Vendor :STMicroelectronics X-CUBE-AZRTOS-WB 2.0.0
2023-12-04 18:57:25,414 [INFO] ThirdParty:1030 - CMSIS Pack Vendor :STMicroelectronics X-CUBE-AZRTOS-F7 1.1.0
2023-12-04 18:57:25,414 [INFO] ThirdParty:1030 - CMSIS Pack Vendor :STMicroelectronics X-CUBE-AZRTOS-L5 2.0.0
2023-12-04 18:57:25,414 [INFO] ThirdParty:1030 - CMSIS Pack Vendor :STMicroelectronics USB_DEVICE 2.0.0
2023-12-04 18:57:25,414 [INFO] ThirdParty:1030 - CMSIS Pack Vendor :STMicroelectronics X-CUBE-EEPRMA1 4.2.0
2023-12-04 18:57:25,414 [INFO] ThirdParty:1030 - CMSIS Pack Vendor :ITTIA_DB I-CUBE-ITTIADB 8.8.0
2023-12-04 18:57:25,414 [INFO] ThirdParty:1030 - CMSIS Pack Vendor :STMicroelectronics FP-SNS-MOTENV1 4.3.2
2023-12-04 18:57:25,414 [INFO] ThirdParty:1030 - CMSIS Pack Vendor :STMicroelectronics X-CUBE-ALGOBUILD 1.3.0
2023-12-04 18:57:25,415 [INFO] ThirdParty:1030 - CMSIS Pack Vendor :STMicroelectronics FreeRTOS 0.0.1
2023-12-04 18:57:25,415 [INFO] ThirdParty:1030 - CMSIS Pack Vendor :STMicroelectronics X-CUBE-AZRTOS-G0 1.1.0
2023-12-04 18:57:25,415 [INFO] ThirdParty:1030 - CMSIS Pack Vendor :STMicroelectronics X-CUBE-BLEMGR 2.0.0
2023-12-04 18:57:25,415 [INFO] ThirdParty:1030 - CMSIS Pack Vendor :STMicroelectronics X-CUBE-NFC4 3.0.0
2023-12-04 18:57:25,415 [INFO] ThirdParty:1030 - CMSIS Pack Vendor :STMicroelectronics X-CUBE-SUBG2 5.0.0
2023-12-04 18:57:25,415 [INFO] ThirdParty:1030 - CMSIS Pack Vendor :STMicroelectronics STM32_WPAN 1.0.0
2023-12-04 18:57:25,415 [INFO] ThirdParty:1030 - CMSIS Pack Vendor :STMicroelectronics lwIP 2.0.3
2023-12-04 18:57:25,415 [INFO] ThirdParty:1030 - CMSIS Pack Vendor :STMicroelectronics FP-SNS-FLIGHT1 5.0.2
2023-12-04 18:57:25,415 [INFO] ThirdParty:1030 - CMSIS Pack Vendor :STMicroelectronics USB_HOST 1.0.0
2023-12-04 18:57:25,415 [INFO] ThirdParty:1030 - CMSIS Pack Vendor :STMicroelectronics X-CUBE-TOF1 3.3.1
2023-12-04 18:57:25,415 [INFO] ThirdParty:1030 - CMSIS Pack Vendor :STMicroelectronics X-CUBE-AZRTOS-G4 2.0.0
2023-12-04 18:57:25,416 [INFO] ThirdParty:1030 - CMSIS Pack Vendor :STMicroelectronics PDM2PCM 3.1.0
2023-12-04 18:57:25,416 [INFO] ThirdParty:1030 - CMSIS Pack Vendor :STMicroelectronics X-CUBE-AZRTOS-H7 3.1.0
2023-12-04 18:57:25,416 [INFO] ThirdParty:1030 - CMSIS Pack Vendor :Infineon AIROC-Wi-Fi-Bluetooth-STM32 1.5.1
2023-12-04 18:57:25,416 [INFO] ThirdParty:1030 - CMSIS Pack Vendor :STMicroelectronics X-CUBE-BLEMGR 3.0.0
2023-12-04 18:57:25,416 [INFO] ThirdParty:1030 - CMSIS Pack Vendor :STMicroelectronics PDM2PCM 3.3.0
2023-12-04 18:57:25,416 [INFO] ThirdParty:1030 - CMSIS Pack Vendor :STMicroelectronics X-CUBE-DISPLAY 3.0.0
2023-12-04 18:57:25,416 [INFO] ThirdParty:1030 - CMSIS Pack Vendor :STMicroelectronics FP-SNS-MOTENVWB1 1.3.0
2023-12-04 18:57:25,416 [INFO] ThirdParty:1030 - CMSIS Pack Vendor :STMicroelectronics FP-SNS-MOTENVWB1 1.3.1
2023-12-04 18:57:25,416 [INFO] ThirdParty:1030 - CMSIS Pack Vendor :STMicroelectronics X-CUBE-BLE1 7.0.0
2023-12-04 18:57:25,416 [INFO] ThirdParty:1030 - CMSIS Pack Vendor :STMicroelectronics FP-ATR-SIGFOX1 3.2.0
2023-12-04 18:57:25,416 [INFO] ThirdParty:1030 - CMSIS Pack Vendor :STMicroelectronics HAL Drivers 0.0.0
2023-12-04 18:57:25,416 [INFO] ThirdParty:1030 - CMSIS Pack Vendor :STMicroelectronics MBEDTLS 2.16.2
2023-12-04 18:57:25,416 [INFO] ThirdParty:1030 - CMSIS Pack Vendor :emotas I-CUBE-CANOPEN 1.3.0
2023-12-04 18:57:25,417 [INFO] ThirdParty:1030 - CMSIS Pack Vendor :STMicroelectronics X-CUBE-MEMS1 10.0.0
2023-12-04 18:57:25,417 [INFO] ThirdParty:1030 - CMSIS Pack Vendor :STMicroelectronics X-CUBE-FREERTOS 1.1.0
2023-12-04 18:57:25,417 [INFO] ThirdParty:1030 - CMSIS Pack Vendor :STMicroelectronics X-CUBE-NFC7 1.0.1
2023-12-04 18:57:25,417 [INFO] ThirdParty:1030 - CMSIS Pack Vendor :STMicroelectronics MBEDTLS 2.14.1
2023-12-04 18:57:25,417 [INFO] ThirdParty:1030 - CMSIS Pack Vendor :STMicroelectronics X-CUBE-TOUCHGFX 4.22.1
2023-12-04 18:57:25,417 [INFO] ThirdParty:1030 - CMSIS Pack Vendor :STMicroelectronics X-CUBE-NFC6 3.0.0
2023-12-04 18:57:25,417 [INFO] ThirdParty:1030 - CMSIS Pack Vendor :portGmbH I-Cube-SoM-uGOAL 1.1.0
2023-12-04 18:57:25,417 [INFO] ThirdParty:1030 - CMSIS Pack Vendor :STMicroelectronics X-CUBE-ALS 1.0.1
2023-12-04 18:57:25,417 [INFO] ThirdParty:1030 - CMSIS Pack Vendor :STMicroelectronics ThreadX 1.0.0
2023-12-04 18:57:25,417 [INFO] ThirdParty:1030 - CMSIS Pack Vendor :STMicroelectronics FP-SNS-SMARTAG2 1.2.0
2023-12-04 18:57:25,417 [INFO] ThirdParty:1030 - CMSIS Pack Vendor :STMicroelectronics X-CUBE-AZRTOS-WL 2.0.0
2023-12-04 18:57:25,417 [INFO] ThirdParty:1030 - CMSIS Pack Vendor :STMicroelectronics USB_DEVICE 1.0.0
2023-12-04 18:57:25,417 [INFO] ThirdParty:1030 - CMSIS Pack Vendor :STMicroelectronics X-CUBE-AI 8.1.0
2023-12-04 18:57:25,418 [INFO] ThirdParty:1030 - CMSIS Pack Vendor :STMicroelectronics X-CUBE-AZRTOS-L4 2.0.0
2023-12-04 18:57:25,418 [INFO] ThirdParty:1030 - CMSIS Pack Vendor :STMicroelectronics ThreadX 0.0.2
2023-12-04 18:57:25,418 [INFO] ThirdParty:1030 - CMSIS Pack Vendor :WES I-CUBE-Cesium 1.3.0
2023-12-04 18:57:25,418 [INFO] ThirdParty:1030 - CMSIS Pack Vendor :STMicroelectronics FP-ATR-ASTRA1 2.0.0
2023-12-04 18:57:25,418 [INFO] ThirdParty:1030 - CMSIS Pack Vendor :STMicroelectronics lwIP 2.1.2
2023-12-04 18:57:25,418 [INFO] ThirdParty:1030 - CMSIS Pack Vendor :STMicroelectronics X-CUBE-SFXS2LP1 4.0.0
2023-12-04 18:57:25,418 [INFO] ThirdParty:1030 - CMSIS Pack Vendor :STMicroelectronics X-CUBE-BLE2 3.3.0
2023-12-04 18:57:25,418 [INFO] ThirdParty:1030 - CMSIS Pack Vendor :STMicroelectronics X-CUBE-TOF1 3.4.0
2023-12-04 18:57:25,418 [INFO] ThirdParty:1030 - CMSIS Pack Vendor :STMicroelectronics PDM2PCM 3.2.0
2023-12-04 18:57:25,418 [INFO] ThirdParty:841 - exiting critical section [change project]
2023-12-04 18:57:25,900 [INFO] PinOutPanel:1499 - setPackage(No Configuration,No Configuration)
2023-12-04 18:57:25,905 [INFO] PinOutPanel:1499 - setPackage(STM32F401RETx,LQFP64)
2023-12-04 18:57:26,839 [INFO] UtilMem:75 - Before build in PCC Used Memory: 686327496 Bytes (1073741824)
2023-12-04 18:57:27,626 [INFO] UtilMem:75 - After build in PCC Used Memory: 688645520 Bytes (1073741824)
2023-12-04 18:57:27,663 [INFO] IPUIPlugin:80 - create IPUIPlugin
2023-12-04 18:57:27,664 [INFO] IPUIPlugin:80 - create IPUIPlugin
2023-12-04 18:57:27,665 [INFO] IPUIPlugin:80 - create IPUIPlugin
2023-12-04 18:57:27,666 [INFO] IPUIPlugin:80 - create IPUIPlugin
2023-12-04 18:57:27,667 [INFO] IPUIPlugin:80 - create IPUIPlugin
2023-12-04 18:57:27,667 [INFO] IPUIPlugin:80 - create IPUIPlugin
2023-12-04 18:57:27,668 [INFO] IPUIPlugin:80 - create IPUIPlugin
2023-12-04 18:57:27,668 [INFO] IPUIPlugin:80 - create IPUIPlugin
2023-12-04 18:57:27,669 [INFO] IPUIPlugin:80 - create IPUIPlugin
2023-12-04 18:57:27,669 [INFO] IPUIPlugin:80 - create IPUIPlugin
2023-12-04 18:57:27,669 [INFO] IPUIPlugin:80 - create IPUIPlugin
2023-12-04 18:57:27,669 [INFO] IPUIPlugin:80 - create IPUIPlugin
2023-12-04 18:57:27,670 [INFO] IPUIPlugin:80 - create IPUIPlugin
2023-12-04 18:57:27,671 [INFO] IPUIPlugin:80 - create IPUIPlugin
2023-12-04 18:57:27,671 [INFO] IPUIPlugin:80 - create IPUIPlugin
2023-12-04 18:57:27,671 [INFO] IPUIPlugin:80 - create IPUIPlugin
2023-12-04 18:57:27,671 [INFO] IPUIPlugin:80 - create IPUIPlugin
2023-12-04 18:57:27,671 [INFO] IPUIPlugin:80 - create IPUIPlugin
2023-12-04 18:57:27,671 [INFO] IPUIPlugin:80 - create IPUIPlugin
2023-12-04 18:57:27,671 [INFO] IPUIPlugin:80 - create IPUIPlugin
2023-12-04 18:57:27,671 [INFO] IPUIPlugin:80 - create IPUIPlugin
2023-12-04 18:57:27,671 [INFO] IPUIPlugin:80 - create IPUIPlugin
2023-12-04 18:57:27,671 [INFO] IPUIPlugin:80 - create IPUIPlugin
2023-12-04 18:57:27,672 [INFO] IPUIPlugin:80 - create IPUIPlugin
2023-12-04 18:57:27,672 [INFO] IPUIPlugin:80 - create IPUIPlugin
2023-12-04 18:57:27,672 [INFO] IPUIPlugin:80 - create IPUIPlugin
2023-12-04 18:57:27,672 [INFO] IPUIPlugin:80 - create IPUIPlugin
2023-12-04 18:57:27,672 [INFO] IPUIPlugin:80 - create IPUIPlugin
2023-12-04 18:57:27,672 [INFO] IPUIPlugin:80 - create IPUIPlugin
2023-12-04 18:57:27,673 [INFO] IPUIPlugin:80 - create IPUIPlugin
2023-12-04 18:57:27,673 [INFO] IPUIPlugin:80 - create IPUIPlugin
2023-12-04 18:57:27,673 [INFO] IPUIPlugin:80 - create IPUIPlugin
2023-12-04 18:57:27,673 [INFO] IPUIPlugin:80 - create IPUIPlugin
2023-12-04 18:57:27,674 [INFO] IPUIPlugin:80 - create IPUIPlugin
2023-12-04 18:57:27,674 [INFO] IPUIPlugin:80 - create IPUIPlugin
2023-12-04 18:57:27,674 [INFO] IPUIPlugin:80 - create IPUIPlugin
2023-12-04 18:57:27,677 [INFO] IPUIPlugin:80 - create IPUIPlugin
2023-12-04 18:57:27,679 [INFO] IPUIPlugin:80 - create IPUIPlugin
2023-12-04 18:57:27,716 [INFO] ApiDbMcu:507 - Load IP Config File for PDM2PCM
2023-12-04 18:57:27,808 [INFO] CADModel:165 - CPN selected for project levelSTM32F401RET6
2023-12-04 18:57:27,808 [INFO] CADModel:114 - Register for checkConnection events
2023-12-04 18:57:27,891 [INFO] OpenFileManager:328 - Restore cursor
2023-12-04 18:57:38,901 [INFO] UtilMem:75 - End SaveConfig() Used Memory: 873477120 Bytes (1073741824)
2023-12-04 18:57:39,329 [INFO] UtilMem:75 - End SaveConfig() Used Memory: 888011040 Bytes (1073741824)
2023-12-04 18:57:40,941 [INFO] UtilMem:75 - End SaveConfig() Used Memory: 692403736 Bytes (1073741824)
2023-12-04 18:57:42,323 [INFO] BlockDiagram:2759 - set Specific Code input for plugin: NVIC
2023-12-04 18:57:42,324 [INFO] BlockDiagram:2759 - set Specific Code input for plugin: USART
2023-12-04 18:57:42,328 [INFO] BlockDiagram:2759 - set Specific Code input for plugin: GPIO
2023-12-04 18:57:42,328 [INFO] BlockDiagram:2759 - set Specific Code input for plugin: RCC
2023-12-04 18:57:42,341 [INFO] CodeGenerator:799 - code generatio: config db path: C:\ST\STM32CubeIDE_1.13.2\STM32CubeIDE\plugins\com.st.stm32cube.common.mx_6.9.2.202309101412\\db\
2023-12-04 18:57:43,549 [INFO] CodeEngine:255 - oldGeneratedFile, C:\Users\USUARIO\Desktop\Royer\universidad\PDM1\PROYECTO_FINAL\MXTmpFiles\license.tmp_save
2023-12-04 18:57:44,943 [INFO] CodeEngine:279 - Generated code: C:\Users\USUARIO\Desktop\Royer\universidad\PDM1\PROYECTO_FINAL\MXTmpFiles\license.tmp
2023-12-04 18:57:45,412 [INFO] CodeEngine:255 - oldGeneratedFile, C:\Users\USUARIO\Desktop\Royer\universidad\PDM1\PROYECTO_FINAL\MXTmpFiles\gpio.tmp_save
2023-12-04 18:57:46,803 [INFO] CodeEngine:279 - Generated code: C:\Users\USUARIO\Desktop\Royer\universidad\PDM1\PROYECTO_FINAL\MXTmpFiles\gpio.tmp
2023-12-04 18:57:47,301 [INFO] CodeEngine:255 - oldGeneratedFile, C:\Users\USUARIO\Desktop\Royer\universidad\PDM1\PROYECTO_FINAL\Core\Src\stm32f4xx_it.c_save
2023-12-04 18:57:49,559 [INFO] CodeEngine:279 - Generated code: C:\Users\USUARIO\Desktop\Royer\universidad\PDM1\PROYECTO_FINAL\Core\Src\stm32f4xx_it.c
2023-12-04 18:57:49,632 [INFO] CodeEngine:255 - oldGeneratedFile, C:\Users\USUARIO\Desktop\Royer\universidad\PDM1\PROYECTO_FINAL\Core\Inc\stm32f4xx_it.h_save
2023-12-04 18:57:49,884 [INFO] CodeEngine:279 - Generated code: C:\Users\USUARIO\Desktop\Royer\universidad\PDM1\PROYECTO_FINAL\Core\Inc\stm32f4xx_it.h
2023-12-04 18:57:50,099 [INFO] CodeEngine:255 - oldGeneratedFile, C:\Users\USUARIO\Desktop\Royer\universidad\PDM1\PROYECTO_FINAL\Core\Src\stm32f4xx_hal_msp.c_save
2023-12-04 18:57:50,779 [INFO] CodeEngine:279 - Generated code: C:\Users\USUARIO\Desktop\Royer\universidad\PDM1\PROYECTO_FINAL\Core\Src\stm32f4xx_hal_msp.c
2023-12-04 18:57:50,800 [INFO] CodeEngine:255 - oldGeneratedFile, C:\Users\USUARIO\Desktop\Royer\universidad\PDM1\PROYECTO_FINAL\MXTmpFiles\system.tmp_save
2023-12-04 18:57:50,945 [INFO] CodeEngine:279 - Generated code: C:\Users\USUARIO\Desktop\Royer\universidad\PDM1\PROYECTO_FINAL\MXTmpFiles\system.tmp
2023-12-04 18:57:50,996 [INFO] CodeEngine:311 - oldGeneratedFile, C:\Users\USUARIO\Desktop\Royer\universidad\PDM1\PROYECTO_FINAL\Core\Inc\stm32f4xx_hal_conf.h_save
2023-12-04 18:57:51,184 [INFO] CodeEngine:335 - Generated code: C:\Users\USUARIO\Desktop\Royer\universidad\PDM1\PROYECTO_FINAL\Core\Inc\stm32f4xx_hal_conf.h
2023-12-04 18:57:51,314 [INFO] CodeEngine:255 - oldGeneratedFile, C:\Users\USUARIO\Desktop\Royer\universidad\PDM1\PROYECTO_FINAL\Core\Inc\main.h_save
2023-12-04 18:57:51,534 [INFO] CodeEngine:279 - Generated code: C:\Users\USUARIO\Desktop\Royer\universidad\PDM1\PROYECTO_FINAL\Core\Inc\main.h
2023-12-04 18:57:51,578 [INFO] CodeEngine:255 - oldGeneratedFile, C:\Users\USUARIO\Desktop\Royer\universidad\PDM1\PROYECTO_FINAL\Core\Src\main.c_save
2023-12-04 18:57:52,026 [INFO] CodeEngine:279 - Generated code: C:\Users\USUARIO\Desktop\Royer\universidad\PDM1\PROYECTO_FINAL\Core\Src\main.c
2023-12-04 18:57:56,695 [INFO] ProjectBuilder:3064 - Time for Copy HAL[1] : 1412mS.
2023-12-04 18:57:56,728 [INFO] ProjectBuilder:4404 - Project Generator version: 4.1.0
2023-12-04 18:58:00,605 [INFO] ConfigFileManager:1457 - The Die is : DIE433
2023-12-04 18:58:00,756 [INFO] ApiDbMcu:507 - Load IP Config File for FATFS
2023-12-04 18:58:00,873 [INFO] ApiDbMcu:507 - Load IP Config File for FREERTOS
2023-12-04 18:58:00,962 [INFO] ApiDbMcu:507 - Load IP Config File for LIBJPEG
2023-12-04 18:58:01,129 [INFO] ApiDbMcu:507 - Load IP Config File for MBEDTLS
2023-12-04 18:58:01,302 [INFO] ApiDbMcu:507 - Load IP Config File for USB_DEVICE
2023-12-04 18:58:01,359 [INFO] ApiDbMcu:507 - Load IP Config File for USB_HOST
2023-12-04 18:58:13,232 [INFO] ProjectBuilder:4626 - Time for Generating toolchain IDE Files: 16504mS.
2023-12-04 18:58:13,238 [INFO] ProjectBuilder:2935 - Time for Copy CMSIS : 4mS.
2023-12-04 18:58:13,264 [INFO] ProjectBuilder:2935 - Time for Copy CMSIS : 1mS.
2023-12-04 19:09:20,554 [INFO] MainUpdater:2868 - connection check result : 10
2023-12-04 19:09:20,554 [INFO] MainUpdater:2868 - connection check result : 10
2023-12-04 19:09:20,780 [INFO] MicroXplorer:468 - Change Database Path : 
2023-12-04 19:09:20,780 [INFO] MicroXplorer:498 - Change Database Version : DB.6.0.92
2023-12-04 19:09:20,818 [WARN] ThirdParty:871 - waiting for thirdparty lock release [close project]
2023-12-04 19:09:20,818 [INFO] ThirdParty:873 - entering critical section [close project]
2023-12-04 19:09:20,819 [INFO] ThirdParty:883 - exiting critical section [close project]
2023-12-04 19:09:20,821 [INFO] PinOutPanel:1499 - setPackage(No Configuration,No Configuration)
2023-12-04 19:09:20,830 [WARN] IpParametersView:151 - Warning: This peripheral hasn't parameters
2023-12-04 19:09:20,834 [WARN] MainPanel:272 - <html><b><center>Warning: This peripheral has no parameters to be configured<br></b></html>
2023-12-04 19:09:20,838 [INFO] UtilMem:75 - Begin LoadConfig() Used Memory: 732990072 Bytes (1073741824)
2023-12-04 19:09:20,838 [INFO] MicroXplorer:468 - Change Database Path : 
2023-12-04 19:09:20,839 [INFO] MicroXplorer:498 - Change Database Version : DB.6.0.92
2023-12-04 19:09:20,839 [INFO] OpenFileManager:308 - Change cursor
2023-12-04 19:09:20,849 [INFO] RulesReader:64 - Compatibility file has been processed (293 Rules)
2023-12-04 19:09:20,861 [INFO] Mcu:1946 - Initializing MCU STM32F401R(D-E)Tx STM32F401RETx STM32F401RET6
2023-12-04 19:09:26,102 [INFO] Context:659 - Trying to add GPIOservice into a context  which must be forbidden
2023-12-04 19:09:26,874 [INFO] RtosManager:555 - Registered RTOS mode: class=CMSIS, group=RTOS, mode=CMSIS_V1, owner=FREERTOS
2023-12-04 19:09:26,874 [INFO] RtosManager:555 - Registered RTOS mode: class=CMSIS, group=RTOS2, mode=CMSIS_V2, owner=FREERTOS
2023-12-04 19:09:26,874 [INFO] RtosManager:555 - Registered RTOS mode: class=RTOS, group=Core, mode=CMSIS_V1, owner=FREERTOS
2023-12-04 19:09:26,874 [INFO] RtosManager:555 - Registered RTOS mode: class=RTOS, group=Core, mode=CMSIS_V2, owner=FREERTOS
2023-12-04 19:09:26,875 [WARN] ModelIntegratedComponent:184 - Missing modes for component STMicroelectronics:FreeRTOS:0.0.1:STMicroelectronics:RTOS:FreeRTOS:Core:::10.2.0:
2023-12-04 19:09:26,967 [WARN] ModelIntegratedComponent:63 - No mode defined for component null
2023-12-04 19:09:26,967 [WARN] ModelIntegratedComponent:63 - No mode defined for component null
2023-12-04 19:09:26,967 [WARN] ModelIntegratedComponent:63 - No mode defined for component null
2023-12-04 19:09:26,967 [WARN] ModelIntegratedComponent:63 - No mode defined for component null
2023-12-04 19:09:26,968 [WARN] ModelIntegratedComponent:63 - No mode defined for component null
2023-12-04 19:09:26,968 [WARN] ModelIntegratedComponent:63 - No mode defined for component null
2023-12-04 19:09:26,968 [WARN] ModelIntegratedComponent:63 - No mode defined for component null
2023-12-04 19:09:26,968 [WARN] ModelIntegratedComponent:63 - No mode defined for component null
2023-12-04 19:09:26,968 [WARN] ModelIntegratedComponent:63 - No mode defined for component null
2023-12-04 19:09:26,969 [WARN] ModelIntegratedComponent:63 - No mode defined for component null
2023-12-04 19:09:26,969 [WARN] ModelIntegratedComponent:63 - No mode defined for component null
2023-12-04 19:09:26,969 [WARN] ModelIntegratedComponent:63 - No mode defined for component null
2023-12-04 19:09:26,969 [WARN] ModelIntegratedComponent:63 - No mode defined for component null
2023-12-04 19:09:26,969 [WARN] ModelIntegratedComponent:63 - No mode defined for component null
2023-12-04 19:09:26,969 [WARN] ModelIntegratedComponent:63 - No mode defined for component null
2023-12-04 19:09:26,969 [WARN] ModelIntegratedComponent:63 - No mode defined for component null
2023-12-04 19:09:26,970 [WARN] ModelIntegratedComponent:63 - No mode defined for component null
2023-12-04 19:09:26,970 [WARN] ModelIntegratedComponent:63 - No mode defined for component null
2023-12-04 19:09:26,970 [WARN] ModelIntegratedComponent:63 - No mode defined for component null
2023-12-04 19:09:26,970 [WARN] ModelIntegratedComponent:63 - No mode defined for component null
2023-12-04 19:09:26,970 [WARN] ModelIntegratedComponent:63 - No mode defined for component null
2023-12-04 19:09:26,970 [WARN] ModelIntegratedComponent:63 - No mode defined for component null
2023-12-04 19:09:26,970 [WARN] ModelIntegratedComponent:63 - No mode defined for component null
2023-12-04 19:09:26,971 [WARN] ModelIntegratedComponent:63 - No mode defined for component null
2023-12-04 19:09:26,971 [WARN] ModelIntegratedComponent:63 - No mode defined for component null
2023-12-04 19:09:26,971 [WARN] ModelIntegratedComponent:63 - No mode defined for component null
2023-12-04 19:09:26,971 [WARN] ModelIntegratedComponent:63 - No mode defined for component null
2023-12-04 19:09:26,971 [WARN] ModelIntegratedComponent:63 - No mode defined for component null
2023-12-04 19:09:26,971 [WARN] ModelIntegratedComponent:63 - No mode defined for component null
2023-12-04 19:09:26,971 [WARN] ModelIntegratedComponent:63 - No mode defined for component null
2023-12-04 19:09:26,971 [WARN] ModelIntegratedComponent:63 - No mode defined for component null
2023-12-04 19:09:26,972 [WARN] ModelIntegratedComponent:63 - No mode defined for component null
2023-12-04 19:09:26,972 [WARN] ModelIntegratedComponent:63 - No mode defined for component null
2023-12-04 19:09:27,633 [INFO] ThirdPartyModel:298 - Start build external matchings
2023-12-04 19:09:31,099 [INFO] ThirdPartyModel:316 - End build external matchings
2023-12-04 19:09:31,545 [INFO] UtilMem:75 - End LoadConfig() Used Memory: 728041240 Bytes (1073741824)
2023-12-04 19:09:31,721 [WARN] ThirdParty:833 - waiting for thirdparty lock release [change project]
2023-12-04 19:09:31,722 [INFO] ThirdParty:835 - entering critical section [change project]
2023-12-04 19:09:31,722 [INFO] ThirdParty:1030 - CMSIS Pack Vendor :STMicroelectronics X-CUBE-ISPU 1.1.0
2023-12-04 19:09:31,723 [INFO] ThirdParty:1030 - CMSIS Pack Vendor :STMicroelectronics USBPD 4.1
2023-12-04 19:09:31,723 [INFO] ThirdParty:1030 - CMSIS Pack Vendor :STMicroelectronics X-CUBE-GNSS1 6.0.0
2023-12-04 19:09:31,723 [INFO] ThirdParty:1030 - CMSIS Pack Vendor :STMicroelectronics USB_HOST 2.0.0
2023-12-04 19:09:31,724 [INFO] ThirdParty:1030 - CMSIS Pack Vendor :STMicroelectronics X-CUBE-AZRTOS-F4 1.1.0
2023-12-04 19:09:31,724 [INFO] ThirdParty:1030 - CMSIS Pack Vendor :STMicroelectronics LIBJPEG 8.0.0
2023-12-04 19:09:31,724 [INFO] ThirdParty:1030 - CMSIS Pack Vendor :wolfSSL I-CUBE-wolfSSL 5.6.3
2023-12-04 19:09:31,725 [INFO] ThirdParty:1030 - CMSIS Pack Vendor :STMicroelectronics X-CUBE-SMBUS 2.1.0
2023-12-04 19:09:31,725 [INFO] ThirdParty:1030 - CMSIS Pack Vendor :STMicroelectronics USB_DEVICE 3.0.0
2023-12-04 19:09:31,726 [INFO] ThirdParty:1030 - CMSIS Pack Vendor :STMicroelectronics X-CUBE-AZRTOS-WB 2.0.0
2023-12-04 19:09:31,726 [INFO] ThirdParty:1030 - CMSIS Pack Vendor :STMicroelectronics X-CUBE-AZRTOS-F7 1.1.0
2023-12-04 19:09:31,726 [INFO] ThirdParty:1030 - CMSIS Pack Vendor :STMicroelectronics X-CUBE-AZRTOS-L5 2.0.0
2023-12-04 19:09:31,727 [INFO] ThirdParty:1030 - CMSIS Pack Vendor :STMicroelectronics USB_DEVICE 2.0.0
2023-12-04 19:09:31,727 [INFO] ThirdParty:1030 - CMSIS Pack Vendor :STMicroelectronics X-CUBE-EEPRMA1 4.2.0
2023-12-04 19:09:31,727 [INFO] ThirdParty:1030 - CMSIS Pack Vendor :ITTIA_DB I-CUBE-ITTIADB 8.8.0
2023-12-04 19:09:31,728 [INFO] ThirdParty:1030 - CMSIS Pack Vendor :STMicroelectronics FP-SNS-MOTENV1 4.3.2
2023-12-04 19:09:31,728 [INFO] ThirdParty:1030 - CMSIS Pack Vendor :STMicroelectronics X-CUBE-ALGOBUILD 1.3.0
2023-12-04 19:09:31,729 [INFO] ThirdParty:1030 - CMSIS Pack Vendor :STMicroelectronics FreeRTOS 0.0.1
2023-12-04 19:09:31,729 [INFO] ThirdParty:1030 - CMSIS Pack Vendor :STMicroelectronics X-CUBE-AZRTOS-G0 1.1.0
2023-12-04 19:09:31,729 [INFO] ThirdParty:1030 - CMSIS Pack Vendor :STMicroelectronics X-CUBE-BLEMGR 2.0.0
2023-12-04 19:09:31,729 [INFO] ThirdParty:1030 - CMSIS Pack Vendor :STMicroelectronics X-CUBE-NFC4 3.0.0
2023-12-04 19:09:31,730 [INFO] ThirdParty:1030 - CMSIS Pack Vendor :STMicroelectronics X-CUBE-SUBG2 5.0.0
2023-12-04 19:09:31,731 [INFO] ThirdParty:1030 - CMSIS Pack Vendor :STMicroelectronics STM32_WPAN 1.0.0
2023-12-04 19:09:31,732 [INFO] ThirdParty:1030 - CMSIS Pack Vendor :STMicroelectronics lwIP 2.0.3
2023-12-04 19:09:31,732 [INFO] ThirdParty:1030 - CMSIS Pack Vendor :STMicroelectronics FP-SNS-FLIGHT1 5.0.2
2023-12-04 19:09:31,733 [INFO] ThirdParty:1030 - CMSIS Pack Vendor :STMicroelectronics USB_HOST 1.0.0
2023-12-04 19:09:31,733 [INFO] ThirdParty:1030 - CMSIS Pack Vendor :STMicroelectronics X-CUBE-TOF1 3.3.1
2023-12-04 19:09:31,733 [INFO] ThirdParty:1030 - CMSIS Pack Vendor :STMicroelectronics X-CUBE-AZRTOS-G4 2.0.0
2023-12-04 19:09:31,734 [INFO] ThirdParty:1030 - CMSIS Pack Vendor :STMicroelectronics PDM2PCM 3.1.0
2023-12-04 19:09:31,734 [INFO] ThirdParty:1030 - CMSIS Pack Vendor :STMicroelectronics X-CUBE-AZRTOS-H7 3.1.0
2023-12-04 19:09:31,734 [INFO] ThirdParty:1030 - CMSIS Pack Vendor :Infineon AIROC-Wi-Fi-Bluetooth-STM32 1.5.1
2023-12-04 19:09:31,734 [INFO] ThirdParty:1030 - CMSIS Pack Vendor :STMicroelectronics X-CUBE-BLEMGR 3.0.0
2023-12-04 19:09:31,734 [INFO] ThirdParty:1030 - CMSIS Pack Vendor :STMicroelectronics PDM2PCM 3.3.0
2023-12-04 19:09:31,734 [INFO] ThirdParty:1030 - CMSIS Pack Vendor :STMicroelectronics X-CUBE-DISPLAY 3.0.0
2023-12-04 19:09:31,734 [INFO] ThirdParty:1030 - CMSIS Pack Vendor :STMicroelectronics FP-SNS-MOTENVWB1 1.3.0
2023-12-04 19:09:31,734 [INFO] ThirdParty:1030 - CMSIS Pack Vendor :STMicroelectronics FP-SNS-MOTENVWB1 1.3.1
2023-12-04 19:09:31,735 [INFO] ThirdParty:1030 - CMSIS Pack Vendor :STMicroelectronics X-CUBE-BLE1 7.0.0
2023-12-04 19:09:31,735 [INFO] ThirdParty:1030 - CMSIS Pack Vendor :STMicroelectronics FP-ATR-SIGFOX1 3.2.0
2023-12-04 19:09:31,735 [INFO] ThirdParty:1030 - CMSIS Pack Vendor :STMicroelectronics HAL Drivers 0.0.0
2023-12-04 19:09:31,736 [INFO] ThirdParty:1030 - CMSIS Pack Vendor :STMicroelectronics MBEDTLS 2.16.2
2023-12-04 19:09:31,736 [INFO] ThirdParty:1030 - CMSIS Pack Vendor :emotas I-CUBE-CANOPEN 1.3.0
2023-12-04 19:09:31,736 [INFO] ThirdParty:1030 - CMSIS Pack Vendor :STMicroelectronics X-CUBE-MEMS1 10.0.0
2023-12-04 19:09:31,737 [INFO] ThirdParty:1030 - CMSIS Pack Vendor :STMicroelectronics X-CUBE-FREERTOS 1.1.0
2023-12-04 19:09:31,737 [INFO] ThirdParty:1030 - CMSIS Pack Vendor :STMicroelectronics X-CUBE-NFC7 1.0.1
2023-12-04 19:09:31,738 [INFO] ThirdParty:1030 - CMSIS Pack Vendor :STMicroelectronics MBEDTLS 2.14.1
2023-12-04 19:09:31,738 [INFO] ThirdParty:1030 - CMSIS Pack Vendor :STMicroelectronics X-CUBE-TOUCHGFX 4.22.1
2023-12-04 19:09:31,738 [INFO] ThirdParty:1030 - CMSIS Pack Vendor :STMicroelectronics X-CUBE-NFC6 3.0.0
2023-12-04 19:09:31,739 [INFO] ThirdParty:1030 - CMSIS Pack Vendor :portGmbH I-Cube-SoM-uGOAL 1.1.0
2023-12-04 19:09:31,741 [INFO] ThirdParty:1030 - CMSIS Pack Vendor :STMicroelectronics X-CUBE-ALS 1.0.1
2023-12-04 19:09:31,741 [INFO] ThirdParty:1030 - CMSIS Pack Vendor :STMicroelectronics ThreadX 1.0.0
2023-12-04 19:09:31,742 [INFO] ThirdParty:1030 - CMSIS Pack Vendor :STMicroelectronics FP-SNS-SMARTAG2 1.2.0
2023-12-04 19:09:31,742 [INFO] ThirdParty:1030 - CMSIS Pack Vendor :STMicroelectronics X-CUBE-AZRTOS-WL 2.0.0
2023-12-04 19:09:31,742 [INFO] ThirdParty:1030 - CMSIS Pack Vendor :STMicroelectronics USB_DEVICE 1.0.0
2023-12-04 19:09:31,743 [INFO] ThirdParty:1030 - CMSIS Pack Vendor :STMicroelectronics X-CUBE-AI 8.1.0
2023-12-04 19:09:31,743 [INFO] ThirdParty:1030 - CMSIS Pack Vendor :STMicroelectronics X-CUBE-AZRTOS-L4 2.0.0
2023-12-04 19:09:31,743 [INFO] ThirdParty:1030 - CMSIS Pack Vendor :STMicroelectronics ThreadX 0.0.2
2023-12-04 19:09:31,744 [INFO] ThirdParty:1030 - CMSIS Pack Vendor :WES I-CUBE-Cesium 1.3.0
2023-12-04 19:09:31,744 [INFO] ThirdParty:1030 - CMSIS Pack Vendor :STMicroelectronics FP-ATR-ASTRA1 2.0.0
2023-12-04 19:09:31,744 [INFO] ThirdParty:1030 - CMSIS Pack Vendor :STMicroelectronics lwIP 2.1.2
2023-12-04 19:09:31,745 [INFO] ThirdParty:1030 - CMSIS Pack Vendor :STMicroelectronics X-CUBE-SFXS2LP1 4.0.0
2023-12-04 19:09:31,746 [INFO] ThirdParty:1030 - CMSIS Pack Vendor :STMicroelectronics X-CUBE-BLE2 3.3.0
2023-12-04 19:09:31,746 [INFO] ThirdParty:1030 - CMSIS Pack Vendor :STMicroelectronics X-CUBE-TOF1 3.4.0
2023-12-04 19:09:31,747 [INFO] ThirdParty:1030 - CMSIS Pack Vendor :STMicroelectronics PDM2PCM 3.2.0
2023-12-04 19:09:31,748 [INFO] ThirdParty:841 - exiting critical section [change project]
2023-12-04 19:09:33,361 [INFO] PinOutPanel:1499 - setPackage(No Configuration,No Configuration)
2023-12-04 19:09:33,366 [INFO] PinOutPanel:1499 - setPackage(STM32F401RETx,LQFP64)
2023-12-04 19:09:35,404 [INFO] UtilMem:75 - Before build in PCC Used Memory: 839914344 Bytes (1073741824)
2023-12-04 19:09:36,759 [INFO] UtilMem:75 - After build in PCC Used Memory: 882379624 Bytes (1073741824)
2023-12-04 19:09:36,940 [INFO] IPUIPlugin:80 - create IPUIPlugin
2023-12-04 19:09:36,943 [INFO] IPUIPlugin:80 - create IPUIPlugin
2023-12-04 19:09:36,943 [INFO] IPUIPlugin:80 - create IPUIPlugin
2023-12-04 19:09:36,944 [INFO] IPUIPlugin:80 - create IPUIPlugin
2023-12-04 19:09:36,945 [INFO] IPUIPlugin:80 - create IPUIPlugin
2023-12-04 19:09:36,946 [INFO] IPUIPlugin:80 - create IPUIPlugin
2023-12-04 19:09:36,948 [INFO] IPUIPlugin:80 - create IPUIPlugin
2023-12-04 19:09:36,950 [INFO] IPUIPlugin:80 - create IPUIPlugin
2023-12-04 19:09:36,950 [INFO] IPUIPlugin:80 - create IPUIPlugin
2023-12-04 19:09:36,951 [INFO] IPUIPlugin:80 - create IPUIPlugin
2023-12-04 19:09:36,953 [INFO] IPUIPlugin:80 - create IPUIPlugin
2023-12-04 19:09:36,954 [INFO] IPUIPlugin:80 - create IPUIPlugin
2023-12-04 19:09:36,957 [INFO] IPUIPlugin:80 - create IPUIPlugin
2023-12-04 19:09:36,960 [INFO] IPUIPlugin:80 - create IPUIPlugin
2023-12-04 19:09:36,962 [INFO] IPUIPlugin:80 - create IPUIPlugin
2023-12-04 19:09:36,964 [INFO] IPUIPlugin:80 - create IPUIPlugin
2023-12-04 19:09:36,966 [INFO] IPUIPlugin:80 - create IPUIPlugin
2023-12-04 19:09:36,968 [INFO] IPUIPlugin:80 - create IPUIPlugin
2023-12-04 19:09:36,969 [INFO] IPUIPlugin:80 - create IPUIPlugin
2023-12-04 19:09:36,972 [INFO] IPUIPlugin:80 - create IPUIPlugin
2023-12-04 19:09:36,974 [INFO] IPUIPlugin:80 - create IPUIPlugin
2023-12-04 19:09:36,976 [INFO] IPUIPlugin:80 - create IPUIPlugin
2023-12-04 19:09:36,978 [INFO] IPUIPlugin:80 - create IPUIPlugin
2023-12-04 19:09:36,981 [INFO] IPUIPlugin:80 - create IPUIPlugin
2023-12-04 19:09:36,983 [INFO] IPUIPlugin:80 - create IPUIPlugin
2023-12-04 19:09:36,983 [INFO] IPUIPlugin:80 - create IPUIPlugin
2023-12-04 19:09:36,984 [INFO] IPUIPlugin:80 - create IPUIPlugin
2023-12-04 19:09:36,986 [INFO] IPUIPlugin:80 - create IPUIPlugin
2023-12-04 19:09:36,989 [INFO] IPUIPlugin:80 - create IPUIPlugin
2023-12-04 19:09:36,990 [INFO] IPUIPlugin:80 - create IPUIPlugin
2023-12-04 19:09:36,993 [INFO] IPUIPlugin:80 - create IPUIPlugin
2023-12-04 19:09:36,996 [INFO] IPUIPlugin:80 - create IPUIPlugin
2023-12-04 19:09:36,998 [INFO] IPUIPlugin:80 - create IPUIPlugin
2023-12-04 19:09:37,002 [INFO] IPUIPlugin:80 - create IPUIPlugin
2023-12-04 19:09:37,005 [INFO] IPUIPlugin:80 - create IPUIPlugin
2023-12-04 19:09:37,008 [INFO] IPUIPlugin:80 - create IPUIPlugin
2023-12-04 19:09:37,011 [INFO] IPUIPlugin:80 - create IPUIPlugin
2023-12-04 19:09:37,015 [INFO] IPUIPlugin:80 - create IPUIPlugin
2023-12-04 19:09:37,032 [INFO] ApiDbMcu:507 - Load IP Config File for PDM2PCM
2023-12-04 19:09:37,487 [INFO] CADModel:165 - CPN selected for project levelSTM32F401RET6
2023-12-04 19:09:37,488 [INFO] CADModel:114 - Register for checkConnection events
2023-12-04 19:09:37,565 [INFO] OpenFileManager:328 - Restore cursor
2023-12-04 19:10:15,583 [INFO] UtilMem:75 - End SaveConfig() Used Memory: 735694704 Bytes (1073741824)
2023-12-04 19:10:15,990 [INFO] UtilMem:75 - End SaveConfig() Used Memory: 759811952 Bytes (1073741824)
2023-12-04 19:10:18,287 [INFO] UtilMem:75 - End SaveConfig() Used Memory: 853135216 Bytes (1073741824)
2023-12-04 19:10:20,768 [INFO] BlockDiagram:2759 - set Specific Code input for plugin: NVIC
2023-12-04 19:10:20,768 [INFO] BlockDiagram:2759 - set Specific Code input for plugin: USART
2023-12-04 19:10:20,769 [INFO] BlockDiagram:2759 - set Specific Code input for plugin: GPIO
2023-12-04 19:10:20,770 [INFO] BlockDiagram:2759 - set Specific Code input for plugin: RCC
2023-12-04 19:10:20,777 [INFO] CodeGenerator:799 - code generatio: config db path: C:\ST\STM32CubeIDE_1.13.2\STM32CubeIDE\plugins\com.st.stm32cube.common.mx_6.9.2.202309101412\\db\
2023-12-04 19:10:22,849 [INFO] CodeEngine:255 - oldGeneratedFile, C:\Users\USUARIO\Desktop\Royer\universidad\PDM1\PROYECTO_FINAL\MXTmpFiles\license.tmp_save
2023-12-04 19:10:25,634 [INFO] CodeEngine:279 - Generated code: C:\Users\USUARIO\Desktop\Royer\universidad\PDM1\PROYECTO_FINAL\MXTmpFiles\license.tmp
2023-12-04 19:10:26,322 [INFO] CodeEngine:255 - oldGeneratedFile, C:\Users\USUARIO\Desktop\Royer\universidad\PDM1\PROYECTO_FINAL\MXTmpFiles\gpio.tmp_save
2023-12-04 19:10:28,390 [INFO] CodeEngine:279 - Generated code: C:\Users\USUARIO\Desktop\Royer\universidad\PDM1\PROYECTO_FINAL\MXTmpFiles\gpio.tmp
2023-12-04 19:10:28,488 [INFO] CodeEngine:255 - oldGeneratedFile, C:\Users\USUARIO\Desktop\Royer\universidad\PDM1\PROYECTO_FINAL\Core\Src\stm32f4xx_it.c_save
2023-12-04 19:10:29,789 [INFO] CodeEngine:279 - Generated code: C:\Users\USUARIO\Desktop\Royer\universidad\PDM1\PROYECTO_FINAL\Core\Src\stm32f4xx_it.c
2023-12-04 19:10:29,797 [INFO] CodeEngine:255 - oldGeneratedFile, C:\Users\USUARIO\Desktop\Royer\universidad\PDM1\PROYECTO_FINAL\Core\Inc\stm32f4xx_it.h_save
2023-12-04 19:10:30,414 [INFO] CodeEngine:279 - Generated code: C:\Users\USUARIO\Desktop\Royer\universidad\PDM1\PROYECTO_FINAL\Core\Inc\stm32f4xx_it.h
2023-12-04 19:10:30,477 [INFO] CodeEngine:255 - oldGeneratedFile, C:\Users\USUARIO\Desktop\Royer\universidad\PDM1\PROYECTO_FINAL\Core\Src\stm32f4xx_hal_msp.c_save
2023-12-04 19:10:31,175 [INFO] CodeEngine:279 - Generated code: C:\Users\USUARIO\Desktop\Royer\universidad\PDM1\PROYECTO_FINAL\Core\Src\stm32f4xx_hal_msp.c
2023-12-04 19:10:31,183 [INFO] CodeEngine:255 - oldGeneratedFile, C:\Users\USUARIO\Desktop\Royer\universidad\PDM1\PROYECTO_FINAL\MXTmpFiles\system.tmp_save
2023-12-04 19:10:31,282 [INFO] CodeEngine:279 - Generated code: C:\Users\USUARIO\Desktop\Royer\universidad\PDM1\PROYECTO_FINAL\MXTmpFiles\system.tmp
2023-12-04 19:10:31,339 [INFO] CodeEngine:311 - oldGeneratedFile, C:\Users\USUARIO\Desktop\Royer\universidad\PDM1\PROYECTO_FINAL\Core\Inc\stm32f4xx_hal_conf.h_save
2023-12-04 19:10:31,606 [INFO] CodeEngine:335 - Generated code: C:\Users\USUARIO\Desktop\Royer\universidad\PDM1\PROYECTO_FINAL\Core\Inc\stm32f4xx_hal_conf.h
2023-12-04 19:10:31,682 [INFO] CodeEngine:255 - oldGeneratedFile, C:\Users\USUARIO\Desktop\Royer\universidad\PDM1\PROYECTO_FINAL\Core\Inc\main.h_save
2023-12-04 19:10:31,930 [INFO] CodeEngine:279 - Generated code: C:\Users\USUARIO\Desktop\Royer\universidad\PDM1\PROYECTO_FINAL\Core\Inc\main.h
2023-12-04 19:10:31,966 [INFO] CodeEngine:255 - oldGeneratedFile, C:\Users\USUARIO\Desktop\Royer\universidad\PDM1\PROYECTO_FINAL\Core\Src\main.c_save
2023-12-04 19:10:32,235 [INFO] CodeEngine:279 - Generated code: C:\Users\USUARIO\Desktop\Royer\universidad\PDM1\PROYECTO_FINAL\Core\Src\main.c
2023-12-04 19:10:37,656 [INFO] ProjectBuilder:3064 - Time for Copy HAL[1] : 1309mS.
2023-12-04 19:10:37,696 [INFO] ProjectBuilder:4404 - Project Generator version: 4.1.0
2023-12-04 19:10:41,694 [INFO] ConfigFileManager:1457 - The Die is : DIE433
2023-12-04 19:10:41,719 [INFO] ApiDbMcu:507 - Load IP Config File for FATFS
2023-12-04 19:10:41,768 [INFO] ApiDbMcu:507 - Load IP Config File for FREERTOS
2023-12-04 19:10:41,783 [INFO] ApiDbMcu:507 - Load IP Config File for LIBJPEG
2023-12-04 19:10:41,836 [INFO] ApiDbMcu:507 - Load IP Config File for MBEDTLS
2023-12-04 19:10:42,296 [INFO] ApiDbMcu:507 - Load IP Config File for USB_DEVICE
2023-12-04 19:10:42,328 [INFO] ApiDbMcu:507 - Load IP Config File for USB_HOST
2023-12-04 19:10:55,445 [INFO] ProjectBuilder:4626 - Time for Generating toolchain IDE Files: 17748mS.
2023-12-04 19:10:55,451 [INFO] ProjectBuilder:2935 - Time for Copy CMSIS : 4mS.
2023-12-04 19:10:55,523 [INFO] ProjectBuilder:2935 - Time for Copy CMSIS : 0mS.
2023-12-04 19:26:41,694 [INFO] MainUpdater:2868 - connection check result : 10
2023-12-04 19:26:41,695 [INFO] MainUpdater:2868 - connection check result : 10
2023-12-04 19:26:41,788 [INFO] MicroXplorer:468 - Change Database Path : 
2023-12-04 19:26:41,788 [INFO] MicroXplorer:498 - Change Database Version : DB.6.0.92
2023-12-04 19:26:41,812 [WARN] ThirdParty:871 - waiting for thirdparty lock release [close project]
2023-12-04 19:26:41,813 [INFO] ThirdParty:873 - entering critical section [close project]
2023-12-04 19:26:41,813 [INFO] ThirdParty:883 - exiting critical section [close project]
2023-12-04 19:26:41,814 [INFO] PinOutPanel:1499 - setPackage(No Configuration,No Configuration)
2023-12-04 19:26:41,818 [WARN] IpParametersView:151 - Warning: This peripheral hasn't parameters
2023-12-04 19:26:41,821 [WARN] MainPanel:272 - <html><b><center>Warning: This peripheral has no parameters to be configured<br></b></html>
2023-12-04 19:26:41,823 [INFO] UtilMem:75 - Begin LoadConfig() Used Memory: 730369280 Bytes (1073741824)
2023-12-04 19:26:41,825 [INFO] MicroXplorer:468 - Change Database Path : 
2023-12-04 19:26:41,825 [INFO] MicroXplorer:498 - Change Database Version : DB.6.0.92
2023-12-04 19:26:41,825 [INFO] OpenFileManager:308 - Change cursor
2023-12-04 19:26:41,841 [INFO] RulesReader:64 - Compatibility file has been processed (293 Rules)
2023-12-04 19:26:41,845 [INFO] Mcu:1946 - Initializing MCU STM32F401R(D-E)Tx STM32F401RETx STM32F401RET6
2023-12-04 19:26:43,202 [INFO] Context:659 - Trying to add GPIOservice into a context  which must be forbidden
2023-12-04 19:26:43,882 [INFO] RtosManager:555 - Registered RTOS mode: class=CMSIS, group=RTOS, mode=CMSIS_V1, owner=FREERTOS
2023-12-04 19:26:43,883 [INFO] RtosManager:555 - Registered RTOS mode: class=CMSIS, group=RTOS2, mode=CMSIS_V2, owner=FREERTOS
2023-12-04 19:26:43,883 [INFO] RtosManager:555 - Registered RTOS mode: class=RTOS, group=Core, mode=CMSIS_V1, owner=FREERTOS
2023-12-04 19:26:43,883 [INFO] RtosManager:555 - Registered RTOS mode: class=RTOS, group=Core, mode=CMSIS_V2, owner=FREERTOS
2023-12-04 19:26:43,883 [WARN] ModelIntegratedComponent:184 - Missing modes for component STMicroelectronics:FreeRTOS:0.0.1:STMicroelectronics:RTOS:FreeRTOS:Core:::10.2.0:
2023-12-04 19:26:43,934 [WARN] ModelIntegratedComponent:63 - No mode defined for component null
2023-12-04 19:26:43,934 [WARN] ModelIntegratedComponent:63 - No mode defined for component null
2023-12-04 19:26:43,934 [WARN] ModelIntegratedComponent:63 - No mode defined for component null
2023-12-04 19:26:43,934 [WARN] ModelIntegratedComponent:63 - No mode defined for component null
2023-12-04 19:26:43,934 [WARN] ModelIntegratedComponent:63 - No mode defined for component null
2023-12-04 19:26:43,934 [WARN] ModelIntegratedComponent:63 - No mode defined for component null
2023-12-04 19:26:43,934 [WARN] ModelIntegratedComponent:63 - No mode defined for component null
2023-12-04 19:26:43,934 [WARN] ModelIntegratedComponent:63 - No mode defined for component null
2023-12-04 19:26:43,935 [WARN] ModelIntegratedComponent:63 - No mode defined for component null
2023-12-04 19:26:43,935 [WARN] ModelIntegratedComponent:63 - No mode defined for component null
2023-12-04 19:26:43,935 [WARN] ModelIntegratedComponent:63 - No mode defined for component null
2023-12-04 19:26:43,935 [WARN] ModelIntegratedComponent:63 - No mode defined for component null
2023-12-04 19:26:43,935 [WARN] ModelIntegratedComponent:63 - No mode defined for component null
2023-12-04 19:26:43,935 [WARN] ModelIntegratedComponent:63 - No mode defined for component null
2023-12-04 19:26:43,935 [WARN] ModelIntegratedComponent:63 - No mode defined for component null
2023-12-04 19:26:43,935 [WARN] ModelIntegratedComponent:63 - No mode defined for component null
2023-12-04 19:26:43,935 [WARN] ModelIntegratedComponent:63 - No mode defined for component null
2023-12-04 19:26:43,935 [WARN] ModelIntegratedComponent:63 - No mode defined for component null
2023-12-04 19:26:43,935 [WARN] ModelIntegratedComponent:63 - No mode defined for component null
2023-12-04 19:26:43,935 [WARN] ModelIntegratedComponent:63 - No mode defined for component null
2023-12-04 19:26:43,935 [WARN] ModelIntegratedComponent:63 - No mode defined for component null
2023-12-04 19:26:43,935 [WARN] ModelIntegratedComponent:63 - No mode defined for component null
2023-12-04 19:26:43,935 [WARN] ModelIntegratedComponent:63 - No mode defined for component null
2023-12-04 19:26:43,935 [WARN] ModelIntegratedComponent:63 - No mode defined for component null
2023-12-04 19:26:43,935 [WARN] ModelIntegratedComponent:63 - No mode defined for component null
2023-12-04 19:26:43,935 [WARN] ModelIntegratedComponent:63 - No mode defined for component null
2023-12-04 19:26:43,935 [WARN] ModelIntegratedComponent:63 - No mode defined for component null
2023-12-04 19:26:43,935 [WARN] ModelIntegratedComponent:63 - No mode defined for component null
2023-12-04 19:26:43,935 [WARN] ModelIntegratedComponent:63 - No mode defined for component null
2023-12-04 19:26:43,935 [WARN] ModelIntegratedComponent:63 - No mode defined for component null
2023-12-04 19:26:43,935 [WARN] ModelIntegratedComponent:63 - No mode defined for component null
2023-12-04 19:26:43,935 [WARN] ModelIntegratedComponent:63 - No mode defined for component null
2023-12-04 19:26:43,935 [WARN] ModelIntegratedComponent:63 - No mode defined for component null
2023-12-04 19:26:44,214 [INFO] ThirdPartyModel:298 - Start build external matchings
2023-12-04 19:26:45,800 [INFO] ThirdPartyModel:316 - End build external matchings
2023-12-04 19:26:46,101 [INFO] UtilMem:75 - End LoadConfig() Used Memory: 773136432 Bytes (1073741824)
2023-12-04 19:26:46,219 [WARN] ThirdParty:833 - waiting for thirdparty lock release [change project]
2023-12-04 19:26:46,219 [INFO] ThirdParty:835 - entering critical section [change project]
2023-12-04 19:26:46,220 [INFO] ThirdParty:1030 - CMSIS Pack Vendor :STMicroelectronics X-CUBE-ISPU 1.1.0
2023-12-04 19:26:46,220 [INFO] ThirdParty:1030 - CMSIS Pack Vendor :STMicroelectronics USBPD 4.1
2023-12-04 19:26:46,221 [INFO] ThirdParty:1030 - CMSIS Pack Vendor :STMicroelectronics X-CUBE-GNSS1 6.0.0
2023-12-04 19:26:46,221 [INFO] ThirdParty:1030 - CMSIS Pack Vendor :STMicroelectronics USB_HOST 2.0.0
2023-12-04 19:26:46,221 [INFO] ThirdParty:1030 - CMSIS Pack Vendor :STMicroelectronics X-CUBE-AZRTOS-F4 1.1.0
2023-12-04 19:26:46,222 [INFO] ThirdParty:1030 - CMSIS Pack Vendor :STMicroelectronics LIBJPEG 8.0.0
2023-12-04 19:26:46,222 [INFO] ThirdParty:1030 - CMSIS Pack Vendor :wolfSSL I-CUBE-wolfSSL 5.6.3
2023-12-04 19:26:46,223 [INFO] ThirdParty:1030 - CMSIS Pack Vendor :STMicroelectronics X-CUBE-SMBUS 2.1.0
2023-12-04 19:26:46,223 [INFO] ThirdParty:1030 - CMSIS Pack Vendor :STMicroelectronics USB_DEVICE 3.0.0
2023-12-04 19:26:46,223 [INFO] ThirdParty:1030 - CMSIS Pack Vendor :STMicroelectronics X-CUBE-AZRTOS-WB 2.0.0
2023-12-04 19:26:46,224 [INFO] ThirdParty:1030 - CMSIS Pack Vendor :STMicroelectronics X-CUBE-AZRTOS-F7 1.1.0
2023-12-04 19:26:46,224 [INFO] ThirdParty:1030 - CMSIS Pack Vendor :STMicroelectronics X-CUBE-AZRTOS-L5 2.0.0
2023-12-04 19:26:46,224 [INFO] ThirdParty:1030 - CMSIS Pack Vendor :STMicroelectronics USB_DEVICE 2.0.0
2023-12-04 19:26:46,225 [INFO] ThirdParty:1030 - CMSIS Pack Vendor :STMicroelectronics X-CUBE-EEPRMA1 4.2.0
2023-12-04 19:26:46,225 [INFO] ThirdParty:1030 - CMSIS Pack Vendor :ITTIA_DB I-CUBE-ITTIADB 8.8.0
2023-12-04 19:26:46,225 [INFO] ThirdParty:1030 - CMSIS Pack Vendor :STMicroelectronics FP-SNS-MOTENV1 4.3.2
2023-12-04 19:26:46,226 [INFO] ThirdParty:1030 - CMSIS Pack Vendor :STMicroelectronics X-CUBE-ALGOBUILD 1.3.0
2023-12-04 19:26:46,226 [INFO] ThirdParty:1030 - CMSIS Pack Vendor :STMicroelectronics FreeRTOS 0.0.1
2023-12-04 19:26:46,226 [INFO] ThirdParty:1030 - CMSIS Pack Vendor :STMicroelectronics X-CUBE-AZRTOS-G0 1.1.0
2023-12-04 19:26:46,227 [INFO] ThirdParty:1030 - CMSIS Pack Vendor :STMicroelectronics X-CUBE-BLEMGR 2.0.0
2023-12-04 19:26:46,227 [INFO] ThirdParty:1030 - CMSIS Pack Vendor :STMicroelectronics X-CUBE-NFC4 3.0.0
2023-12-04 19:26:46,228 [INFO] ThirdParty:1030 - CMSIS Pack Vendor :STMicroelectronics X-CUBE-SUBG2 5.0.0
2023-12-04 19:26:46,228 [INFO] ThirdParty:1030 - CMSIS Pack Vendor :STMicroelectronics STM32_WPAN 1.0.0
2023-12-04 19:26:46,229 [INFO] ThirdParty:1030 - CMSIS Pack Vendor :STMicroelectronics lwIP 2.0.3
2023-12-04 19:26:46,229 [INFO] ThirdParty:1030 - CMSIS Pack Vendor :STMicroelectronics FP-SNS-FLIGHT1 5.0.2
2023-12-04 19:26:46,229 [INFO] ThirdParty:1030 - CMSIS Pack Vendor :STMicroelectronics USB_HOST 1.0.0
2023-12-04 19:26:46,230 [INFO] ThirdParty:1030 - CMSIS Pack Vendor :STMicroelectronics X-CUBE-TOF1 3.3.1
2023-12-04 19:26:46,230 [INFO] ThirdParty:1030 - CMSIS Pack Vendor :STMicroelectronics X-CUBE-AZRTOS-G4 2.0.0
2023-12-04 19:26:46,231 [INFO] ThirdParty:1030 - CMSIS Pack Vendor :STMicroelectronics PDM2PCM 3.1.0
2023-12-04 19:26:46,231 [INFO] ThirdParty:1030 - CMSIS Pack Vendor :STMicroelectronics X-CUBE-AZRTOS-H7 3.1.0
2023-12-04 19:26:46,231 [INFO] ThirdParty:1030 - CMSIS Pack Vendor :Infineon AIROC-Wi-Fi-Bluetooth-STM32 1.5.1
2023-12-04 19:26:46,231 [INFO] ThirdParty:1030 - CMSIS Pack Vendor :STMicroelectronics X-CUBE-BLEMGR 3.0.0
2023-12-04 19:26:46,232 [INFO] ThirdParty:1030 - CMSIS Pack Vendor :STMicroelectronics PDM2PCM 3.3.0
2023-12-04 19:26:46,232 [INFO] ThirdParty:1030 - CMSIS Pack Vendor :STMicroelectronics X-CUBE-DISPLAY 3.0.0
2023-12-04 19:26:46,232 [INFO] ThirdParty:1030 - CMSIS Pack Vendor :STMicroelectronics FP-SNS-MOTENVWB1 1.3.0
2023-12-04 19:26:46,232 [INFO] ThirdParty:1030 - CMSIS Pack Vendor :STMicroelectronics FP-SNS-MOTENVWB1 1.3.1
2023-12-04 19:26:46,232 [INFO] ThirdParty:1030 - CMSIS Pack Vendor :STMicroelectronics X-CUBE-BLE1 7.0.0
2023-12-04 19:26:46,233 [INFO] ThirdParty:1030 - CMSIS Pack Vendor :STMicroelectronics FP-ATR-SIGFOX1 3.2.0
2023-12-04 19:26:46,233 [INFO] ThirdParty:1030 - CMSIS Pack Vendor :STMicroelectronics HAL Drivers 0.0.0
2023-12-04 19:26:46,233 [INFO] ThirdParty:1030 - CMSIS Pack Vendor :STMicroelectronics MBEDTLS 2.16.2
2023-12-04 19:26:46,233 [INFO] ThirdParty:1030 - CMSIS Pack Vendor :emotas I-CUBE-CANOPEN 1.3.0
2023-12-04 19:26:46,235 [INFO] ThirdParty:1030 - CMSIS Pack Vendor :STMicroelectronics X-CUBE-MEMS1 10.0.0
2023-12-04 19:26:46,235 [INFO] ThirdParty:1030 - CMSIS Pack Vendor :STMicroelectronics X-CUBE-FREERTOS 1.1.0
2023-12-04 19:26:46,235 [INFO] ThirdParty:1030 - CMSIS Pack Vendor :STMicroelectronics X-CUBE-NFC7 1.0.1
2023-12-04 19:26:46,235 [INFO] ThirdParty:1030 - CMSIS Pack Vendor :STMicroelectronics MBEDTLS 2.14.1
2023-12-04 19:26:46,235 [INFO] ThirdParty:1030 - CMSIS Pack Vendor :STMicroelectronics X-CUBE-TOUCHGFX 4.22.1
2023-12-04 19:26:46,235 [INFO] ThirdParty:1030 - CMSIS Pack Vendor :STMicroelectronics X-CUBE-NFC6 3.0.0
2023-12-04 19:26:46,235 [INFO] ThirdParty:1030 - CMSIS Pack Vendor :portGmbH I-Cube-SoM-uGOAL 1.1.0
2023-12-04 19:26:46,235 [INFO] ThirdParty:1030 - CMSIS Pack Vendor :STMicroelectronics X-CUBE-ALS 1.0.1
2023-12-04 19:26:46,236 [INFO] ThirdParty:1030 - CMSIS Pack Vendor :STMicroelectronics ThreadX 1.0.0
2023-12-04 19:26:46,236 [INFO] ThirdParty:1030 - CMSIS Pack Vendor :STMicroelectronics FP-SNS-SMARTAG2 1.2.0
2023-12-04 19:26:46,236 [INFO] ThirdParty:1030 - CMSIS Pack Vendor :STMicroelectronics X-CUBE-AZRTOS-WL 2.0.0
2023-12-04 19:26:46,236 [INFO] ThirdParty:1030 - CMSIS Pack Vendor :STMicroelectronics USB_DEVICE 1.0.0
2023-12-04 19:26:46,237 [INFO] ThirdParty:1030 - CMSIS Pack Vendor :STMicroelectronics X-CUBE-AI 8.1.0
2023-12-04 19:26:46,237 [INFO] ThirdParty:1030 - CMSIS Pack Vendor :STMicroelectronics X-CUBE-AZRTOS-L4 2.0.0
2023-12-04 19:26:46,237 [INFO] ThirdParty:1030 - CMSIS Pack Vendor :STMicroelectronics ThreadX 0.0.2
2023-12-04 19:26:46,238 [INFO] ThirdParty:1030 - CMSIS Pack Vendor :WES I-CUBE-Cesium 1.3.0
2023-12-04 19:26:46,239 [INFO] ThirdParty:1030 - CMSIS Pack Vendor :STMicroelectronics FP-ATR-ASTRA1 2.0.0
2023-12-04 19:26:46,239 [INFO] ThirdParty:1030 - CMSIS Pack Vendor :STMicroelectronics lwIP 2.1.2
2023-12-04 19:26:46,239 [INFO] ThirdParty:1030 - CMSIS Pack Vendor :STMicroelectronics X-CUBE-SFXS2LP1 4.0.0
2023-12-04 19:26:46,240 [INFO] ThirdParty:1030 - CMSIS Pack Vendor :STMicroelectronics X-CUBE-BLE2 3.3.0
2023-12-04 19:26:46,240 [INFO] ThirdParty:1030 - CMSIS Pack Vendor :STMicroelectronics X-CUBE-TOF1 3.4.0
2023-12-04 19:26:46,240 [INFO] ThirdParty:1030 - CMSIS Pack Vendor :STMicroelectronics PDM2PCM 3.2.0
2023-12-04 19:26:46,241 [INFO] ThirdParty:841 - exiting critical section [change project]
2023-12-04 19:26:46,550 [INFO] PinOutPanel:1499 - setPackage(No Configuration,No Configuration)
2023-12-04 19:26:46,550 [INFO] PinOutPanel:1499 - setPackage(STM32F401RETx,LQFP64)
2023-12-04 19:26:47,073 [INFO] UtilMem:75 - Before build in PCC Used Memory: 884725952 Bytes (1073741824)
2023-12-04 19:26:49,726 [INFO] UtilMem:75 - After build in PCC Used Memory: 928239808 Bytes (1073741824)
2023-12-04 19:26:50,087 [INFO] IPUIPlugin:80 - create IPUIPlugin
2023-12-04 19:26:50,088 [INFO] IPUIPlugin:80 - create IPUIPlugin
2023-12-04 19:26:50,095 [INFO] IPUIPlugin:80 - create IPUIPlugin
2023-12-04 19:26:50,096 [INFO] IPUIPlugin:80 - create IPUIPlugin
2023-12-04 19:26:50,097 [INFO] IPUIPlugin:80 - create IPUIPlugin
2023-12-04 19:26:50,098 [INFO] IPUIPlugin:80 - create IPUIPlugin
2023-12-04 19:26:50,099 [INFO] IPUIPlugin:80 - create IPUIPlugin
2023-12-04 19:26:50,105 [INFO] IPUIPlugin:80 - create IPUIPlugin
2023-12-04 19:26:50,106 [INFO] IPUIPlugin:80 - create IPUIPlugin
2023-12-04 19:26:50,107 [INFO] IPUIPlugin:80 - create IPUIPlugin
2023-12-04 19:26:50,109 [INFO] IPUIPlugin:80 - create IPUIPlugin
2023-12-04 19:26:50,114 [INFO] IPUIPlugin:80 - create IPUIPlugin
2023-12-04 19:26:50,116 [INFO] IPUIPlugin:80 - create IPUIPlugin
2023-12-04 19:26:50,126 [INFO] IPUIPlugin:80 - create IPUIPlugin
2023-12-04 19:26:50,128 [INFO] IPUIPlugin:80 - create IPUIPlugin
2023-12-04 19:26:50,136 [INFO] IPUIPlugin:80 - create IPUIPlugin
2023-12-04 19:26:50,139 [INFO] IPUIPlugin:80 - create IPUIPlugin
2023-12-04 19:26:50,145 [INFO] IPUIPlugin:80 - create IPUIPlugin
2023-12-04 19:26:50,147 [INFO] IPUIPlugin:80 - create IPUIPlugin
2023-12-04 19:26:50,154 [INFO] IPUIPlugin:80 - create IPUIPlugin
2023-12-04 19:26:50,157 [INFO] IPUIPlugin:80 - create IPUIPlugin
2023-12-04 19:26:50,167 [INFO] IPUIPlugin:80 - create IPUIPlugin
2023-12-04 19:26:50,185 [INFO] IPUIPlugin:80 - create IPUIPlugin
2023-12-04 19:26:50,189 [INFO] IPUIPlugin:80 - create IPUIPlugin
2023-12-04 19:26:50,217 [INFO] IPUIPlugin:80 - create IPUIPlugin
2023-12-04 19:26:50,223 [INFO] IPUIPlugin:80 - create IPUIPlugin
2023-12-04 19:26:50,225 [INFO] IPUIPlugin:80 - create IPUIPlugin
2023-12-04 19:26:50,227 [INFO] IPUIPlugin:80 - create IPUIPlugin
2023-12-04 19:26:50,247 [INFO] IPUIPlugin:80 - create IPUIPlugin
2023-12-04 19:26:50,256 [INFO] IPUIPlugin:80 - create IPUIPlugin
2023-12-04 19:26:50,266 [INFO] IPUIPlugin:80 - create IPUIPlugin
2023-12-04 19:26:50,274 [INFO] IPUIPlugin:80 - create IPUIPlugin
2023-12-04 19:26:50,277 [INFO] IPUIPlugin:80 - create IPUIPlugin
2023-12-04 19:26:50,285 [INFO] IPUIPlugin:80 - create IPUIPlugin
2023-12-04 19:26:50,294 [INFO] IPUIPlugin:80 - create IPUIPlugin
2023-12-04 19:26:50,304 [INFO] IPUIPlugin:80 - create IPUIPlugin
2023-12-04 19:26:50,307 [INFO] IPUIPlugin:80 - create IPUIPlugin
2023-12-04 19:26:50,317 [INFO] IPUIPlugin:80 - create IPUIPlugin
2023-12-04 19:26:50,356 [INFO] ApiDbMcu:507 - Load IP Config File for PDM2PCM
2023-12-04 19:26:51,365 [INFO] CADModel:165 - CPN selected for project levelSTM32F401RET6
2023-12-04 19:26:51,365 [INFO] CADModel:114 - Register for checkConnection events
2023-12-04 19:26:51,409 [INFO] OpenFileManager:328 - Restore cursor
2023-12-04 19:26:56,825 [INFO] NvicIntPanel:101 - NVIC parent = com.st.microxplorer.plugins.ip.nvic.MultiNvicIntPanel[,0,0,0x0,invalid,layout=javax.swing.BoxLayout,alignmentX=0.0,alignmentY=0.0,border=,flags=9,maximumSize=,minimumSize=,preferredSize=]
2023-12-04 19:48:19,121 [INFO] MainUpdater:2868 - connection check result : 10
2023-12-04 19:48:19,121 [INFO] MainUpdater:2868 - connection check result : 10
2023-12-04 19:48:19,195 [INFO] MicroXplorer:468 - Change Database Path : 
2023-12-04 19:48:19,195 [INFO] MicroXplorer:498 - Change Database Version : DB.6.0.92
2023-12-04 19:48:19,210 [WARN] ThirdParty:871 - waiting for thirdparty lock release [close project]
2023-12-04 19:48:19,210 [INFO] ThirdParty:873 - entering critical section [close project]
2023-12-04 19:48:19,210 [INFO] ThirdParty:883 - exiting critical section [close project]
2023-12-04 19:48:19,211 [INFO] PinOutPanel:1499 - setPackage(No Configuration,No Configuration)
2023-12-04 19:48:19,215 [WARN] IpParametersView:151 - Warning: This peripheral hasn't parameters
2023-12-04 19:48:19,219 [WARN] MainPanel:272 - <html><b><center>Warning: This peripheral has no parameters to be configured<br></b></html>
2023-12-04 19:48:19,222 [INFO] UtilMem:75 - Begin LoadConfig() Used Memory: 838120416 Bytes (1073741824)
2023-12-04 19:48:19,222 [INFO] MicroXplorer:468 - Change Database Path : 
2023-12-04 19:48:19,222 [INFO] MicroXplorer:498 - Change Database Version : DB.6.0.92
2023-12-04 19:48:19,222 [INFO] OpenFileManager:308 - Change cursor
2023-12-04 19:48:19,232 [INFO] Mcu:1946 - Initializing MCU STM32F401R(D-E)Tx STM32F401RETx STM32F401RET6
2023-12-04 19:48:20,016 [INFO] Context:659 - Trying to add GPIOservice into a context  which must be forbidden
2023-12-04 19:48:20,236 [INFO] RtosManager:555 - Registered RTOS mode: class=CMSIS, group=RTOS, mode=CMSIS_V1, owner=FREERTOS
2023-12-04 19:48:20,236 [INFO] RtosManager:555 - Registered RTOS mode: class=CMSIS, group=RTOS2, mode=CMSIS_V2, owner=FREERTOS
2023-12-04 19:48:20,236 [INFO] RtosManager:555 - Registered RTOS mode: class=RTOS, group=Core, mode=CMSIS_V1, owner=FREERTOS
2023-12-04 19:48:20,236 [INFO] RtosManager:555 - Registered RTOS mode: class=RTOS, group=Core, mode=CMSIS_V2, owner=FREERTOS
2023-12-04 19:48:20,236 [WARN] ModelIntegratedComponent:184 - Missing modes for component STMicroelectronics:FreeRTOS:0.0.1:STMicroelectronics:RTOS:FreeRTOS:Core:::10.2.0:
2023-12-04 19:48:20,244 [WARN] ModelIntegratedComponent:63 - No mode defined for component null
2023-12-04 19:48:20,244 [WARN] ModelIntegratedComponent:63 - No mode defined for component null
2023-12-04 19:48:20,244 [WARN] ModelIntegratedComponent:63 - No mode defined for component null
2023-12-04 19:48:20,245 [WARN] ModelIntegratedComponent:63 - No mode defined for component null
2023-12-04 19:48:20,245 [WARN] ModelIntegratedComponent:63 - No mode defined for component null
2023-12-04 19:48:20,245 [WARN] ModelIntegratedComponent:63 - No mode defined for component null
2023-12-04 19:48:20,245 [WARN] ModelIntegratedComponent:63 - No mode defined for component null
2023-12-04 19:48:20,245 [WARN] ModelIntegratedComponent:63 - No mode defined for component null
2023-12-04 19:48:20,245 [WARN] ModelIntegratedComponent:63 - No mode defined for component null
2023-12-04 19:48:20,245 [WARN] ModelIntegratedComponent:63 - No mode defined for component null
2023-12-04 19:48:20,245 [WARN] ModelIntegratedComponent:63 - No mode defined for component null
2023-12-04 19:48:20,245 [WARN] ModelIntegratedComponent:63 - No mode defined for component null
2023-12-04 19:48:20,245 [WARN] ModelIntegratedComponent:63 - No mode defined for component null
2023-12-04 19:48:20,245 [WARN] ModelIntegratedComponent:63 - No mode defined for component null
2023-12-04 19:48:20,245 [WARN] ModelIntegratedComponent:63 - No mode defined for component null
2023-12-04 19:48:20,245 [WARN] ModelIntegratedComponent:63 - No mode defined for component null
2023-12-04 19:48:20,245 [WARN] ModelIntegratedComponent:63 - No mode defined for component null
2023-12-04 19:48:20,245 [WARN] ModelIntegratedComponent:63 - No mode defined for component null
2023-12-04 19:48:20,245 [WARN] ModelIntegratedComponent:63 - No mode defined for component null
2023-12-04 19:48:20,245 [WARN] ModelIntegratedComponent:63 - No mode defined for component null
2023-12-04 19:48:20,245 [WARN] ModelIntegratedComponent:63 - No mode defined for component null
2023-12-04 19:48:20,245 [WARN] ModelIntegratedComponent:63 - No mode defined for component null
2023-12-04 19:48:20,245 [WARN] ModelIntegratedComponent:63 - No mode defined for component null
2023-12-04 19:48:20,245 [WARN] ModelIntegratedComponent:63 - No mode defined for component null
2023-12-04 19:48:20,245 [WARN] ModelIntegratedComponent:63 - No mode defined for component null
2023-12-04 19:48:20,245 [WARN] ModelIntegratedComponent:63 - No mode defined for component null
2023-12-04 19:48:20,245 [WARN] ModelIntegratedComponent:63 - No mode defined for component null
2023-12-04 19:48:20,245 [WARN] ModelIntegratedComponent:63 - No mode defined for component null
2023-12-04 19:48:20,245 [WARN] ModelIntegratedComponent:63 - No mode defined for component null
2023-12-04 19:48:20,245 [WARN] ModelIntegratedComponent:63 - No mode defined for component null
2023-12-04 19:48:20,245 [WARN] ModelIntegratedComponent:63 - No mode defined for component null
2023-12-04 19:48:20,245 [WARN] ModelIntegratedComponent:63 - No mode defined for component null
2023-12-04 19:48:20,245 [WARN] ModelIntegratedComponent:63 - No mode defined for component null
2023-12-04 19:48:20,466 [INFO] ThirdPartyModel:298 - Start build external matchings
2023-12-04 19:48:21,040 [INFO] ThirdPartyModel:316 - End build external matchings
2023-12-04 19:48:21,214 [INFO] UtilMem:75 - End LoadConfig() Used Memory: 696876912 Bytes (1073741824)
2023-12-04 19:48:21,246 [WARN] ThirdParty:833 - waiting for thirdparty lock release [change project]
2023-12-04 19:48:21,247 [INFO] ThirdParty:835 - entering critical section [change project]
2023-12-04 19:48:21,247 [INFO] ThirdParty:1030 - CMSIS Pack Vendor :STMicroelectronics X-CUBE-ISPU 1.1.0
2023-12-04 19:48:21,247 [INFO] ThirdParty:1030 - CMSIS Pack Vendor :STMicroelectronics USBPD 4.1
2023-12-04 19:48:21,247 [INFO] ThirdParty:1030 - CMSIS Pack Vendor :STMicroelectronics X-CUBE-GNSS1 6.0.0
2023-12-04 19:48:21,247 [INFO] ThirdParty:1030 - CMSIS Pack Vendor :STMicroelectronics USB_HOST 2.0.0
2023-12-04 19:48:21,247 [INFO] ThirdParty:1030 - CMSIS Pack Vendor :STMicroelectronics X-CUBE-AZRTOS-F4 1.1.0
2023-12-04 19:48:21,247 [INFO] ThirdParty:1030 - CMSIS Pack Vendor :STMicroelectronics LIBJPEG 8.0.0
2023-12-04 19:48:21,247 [INFO] ThirdParty:1030 - CMSIS Pack Vendor :wolfSSL I-CUBE-wolfSSL 5.6.3
2023-12-04 19:48:21,247 [INFO] ThirdParty:1030 - CMSIS Pack Vendor :STMicroelectronics X-CUBE-SMBUS 2.1.0
2023-12-04 19:48:21,247 [INFO] ThirdParty:1030 - CMSIS Pack Vendor :STMicroelectronics USB_DEVICE 3.0.0
2023-12-04 19:48:21,247 [INFO] ThirdParty:1030 - CMSIS Pack Vendor :STMicroelectronics X-CUBE-AZRTOS-WB 2.0.0
2023-12-04 19:48:21,247 [INFO] ThirdParty:1030 - CMSIS Pack Vendor :STMicroelectronics X-CUBE-AZRTOS-F7 1.1.0
2023-12-04 19:48:21,247 [INFO] ThirdParty:1030 - CMSIS Pack Vendor :STMicroelectronics X-CUBE-AZRTOS-L5 2.0.0
2023-12-04 19:48:21,247 [INFO] ThirdParty:1030 - CMSIS Pack Vendor :STMicroelectronics USB_DEVICE 2.0.0
2023-12-04 19:48:21,247 [INFO] ThirdParty:1030 - CMSIS Pack Vendor :STMicroelectronics X-CUBE-EEPRMA1 4.2.0
2023-12-04 19:48:21,247 [INFO] ThirdParty:1030 - CMSIS Pack Vendor :ITTIA_DB I-CUBE-ITTIADB 8.8.0
2023-12-04 19:48:21,247 [INFO] ThirdParty:1030 - CMSIS Pack Vendor :STMicroelectronics FP-SNS-MOTENV1 4.3.2
2023-12-04 19:48:21,247 [INFO] ThirdParty:1030 - CMSIS Pack Vendor :STMicroelectronics X-CUBE-ALGOBUILD 1.3.0
2023-12-04 19:48:21,247 [INFO] ThirdParty:1030 - CMSIS Pack Vendor :STMicroelectronics FreeRTOS 0.0.1
2023-12-04 19:48:21,247 [INFO] ThirdParty:1030 - CMSIS Pack Vendor :STMicroelectronics X-CUBE-AZRTOS-G0 1.1.0
2023-12-04 19:48:21,247 [INFO] ThirdParty:1030 - CMSIS Pack Vendor :STMicroelectronics X-CUBE-BLEMGR 2.0.0
2023-12-04 19:48:21,247 [INFO] ThirdParty:1030 - CMSIS Pack Vendor :STMicroelectronics X-CUBE-NFC4 3.0.0
2023-12-04 19:48:21,247 [INFO] ThirdParty:1030 - CMSIS Pack Vendor :STMicroelectronics X-CUBE-SUBG2 5.0.0
2023-12-04 19:48:21,247 [INFO] ThirdParty:1030 - CMSIS Pack Vendor :STMicroelectronics STM32_WPAN 1.0.0
2023-12-04 19:48:21,248 [INFO] ThirdParty:1030 - CMSIS Pack Vendor :STMicroelectronics lwIP 2.0.3
2023-12-04 19:48:21,248 [INFO] ThirdParty:1030 - CMSIS Pack Vendor :STMicroelectronics FP-SNS-FLIGHT1 5.0.2
2023-12-04 19:48:21,248 [INFO] ThirdParty:1030 - CMSIS Pack Vendor :STMicroelectronics USB_HOST 1.0.0
2023-12-04 19:48:21,248 [INFO] ThirdParty:1030 - CMSIS Pack Vendor :STMicroelectronics X-CUBE-TOF1 3.3.1
2023-12-04 19:48:21,248 [INFO] ThirdParty:1030 - CMSIS Pack Vendor :STMicroelectronics X-CUBE-AZRTOS-G4 2.0.0
2023-12-04 19:48:21,248 [INFO] ThirdParty:1030 - CMSIS Pack Vendor :STMicroelectronics PDM2PCM 3.1.0
2023-12-04 19:48:21,248 [INFO] ThirdParty:1030 - CMSIS Pack Vendor :STMicroelectronics X-CUBE-AZRTOS-H7 3.1.0
2023-12-04 19:48:21,248 [INFO] ThirdParty:1030 - CMSIS Pack Vendor :Infineon AIROC-Wi-Fi-Bluetooth-STM32 1.5.1
2023-12-04 19:48:21,248 [INFO] ThirdParty:1030 - CMSIS Pack Vendor :STMicroelectronics X-CUBE-BLEMGR 3.0.0
2023-12-04 19:48:21,248 [INFO] ThirdParty:1030 - CMSIS Pack Vendor :STMicroelectronics PDM2PCM 3.3.0
2023-12-04 19:48:21,248 [INFO] ThirdParty:1030 - CMSIS Pack Vendor :STMicroelectronics X-CUBE-DISPLAY 3.0.0
2023-12-04 19:48:21,248 [INFO] ThirdParty:1030 - CMSIS Pack Vendor :STMicroelectronics FP-SNS-MOTENVWB1 1.3.0
2023-12-04 19:48:21,248 [INFO] ThirdParty:1030 - CMSIS Pack Vendor :STMicroelectronics FP-SNS-MOTENVWB1 1.3.1
2023-12-04 19:48:21,248 [INFO] ThirdParty:1030 - CMSIS Pack Vendor :STMicroelectronics X-CUBE-BLE1 7.0.0
2023-12-04 19:48:21,248 [INFO] ThirdParty:1030 - CMSIS Pack Vendor :STMicroelectronics FP-ATR-SIGFOX1 3.2.0
2023-12-04 19:48:21,248 [INFO] ThirdParty:1030 - CMSIS Pack Vendor :STMicroelectronics HAL Drivers 0.0.0
2023-12-04 19:48:21,248 [INFO] ThirdParty:1030 - CMSIS Pack Vendor :STMicroelectronics MBEDTLS 2.16.2
2023-12-04 19:48:21,248 [INFO] ThirdParty:1030 - CMSIS Pack Vendor :emotas I-CUBE-CANOPEN 1.3.0
2023-12-04 19:48:21,248 [INFO] ThirdParty:1030 - CMSIS Pack Vendor :STMicroelectronics X-CUBE-MEMS1 10.0.0
2023-12-04 19:48:21,248 [INFO] ThirdParty:1030 - CMSIS Pack Vendor :STMicroelectronics X-CUBE-FREERTOS 1.1.0
2023-12-04 19:48:21,248 [INFO] ThirdParty:1030 - CMSIS Pack Vendor :STMicroelectronics X-CUBE-NFC7 1.0.1
2023-12-04 19:48:21,248 [INFO] ThirdParty:1030 - CMSIS Pack Vendor :STMicroelectronics MBEDTLS 2.14.1
2023-12-04 19:48:21,248 [INFO] ThirdParty:1030 - CMSIS Pack Vendor :STMicroelectronics X-CUBE-TOUCHGFX 4.22.1
2023-12-04 19:48:21,249 [INFO] ThirdParty:1030 - CMSIS Pack Vendor :STMicroelectronics X-CUBE-NFC6 3.0.0
2023-12-04 19:48:21,249 [INFO] ThirdParty:1030 - CMSIS Pack Vendor :portGmbH I-Cube-SoM-uGOAL 1.1.0
2023-12-04 19:48:21,249 [INFO] ThirdParty:1030 - CMSIS Pack Vendor :STMicroelectronics X-CUBE-ALS 1.0.1
2023-12-04 19:48:21,249 [INFO] ThirdParty:1030 - CMSIS Pack Vendor :STMicroelectronics ThreadX 1.0.0
2023-12-04 19:48:21,249 [INFO] ThirdParty:1030 - CMSIS Pack Vendor :STMicroelectronics FP-SNS-SMARTAG2 1.2.0
2023-12-04 19:48:21,249 [INFO] ThirdParty:1030 - CMSIS Pack Vendor :STMicroelectronics X-CUBE-AZRTOS-WL 2.0.0
2023-12-04 19:48:21,249 [INFO] ThirdParty:1030 - CMSIS Pack Vendor :STMicroelectronics USB_DEVICE 1.0.0
2023-12-04 19:48:21,249 [INFO] ThirdParty:1030 - CMSIS Pack Vendor :STMicroelectronics X-CUBE-AI 8.1.0
2023-12-04 19:48:21,249 [INFO] ThirdParty:1030 - CMSIS Pack Vendor :STMicroelectronics X-CUBE-AZRTOS-L4 2.0.0
2023-12-04 19:48:21,249 [INFO] ThirdParty:1030 - CMSIS Pack Vendor :STMicroelectronics ThreadX 0.0.2
2023-12-04 19:48:21,249 [INFO] ThirdParty:1030 - CMSIS Pack Vendor :WES I-CUBE-Cesium 1.3.0
2023-12-04 19:48:21,249 [INFO] ThirdParty:1030 - CMSIS Pack Vendor :STMicroelectronics FP-ATR-ASTRA1 2.0.0
2023-12-04 19:48:21,249 [INFO] ThirdParty:1030 - CMSIS Pack Vendor :STMicroelectronics lwIP 2.1.2
2023-12-04 19:48:21,249 [INFO] ThirdParty:1030 - CMSIS Pack Vendor :STMicroelectronics X-CUBE-SFXS2LP1 4.0.0
2023-12-04 19:48:21,249 [INFO] ThirdParty:1030 - CMSIS Pack Vendor :STMicroelectronics X-CUBE-BLE2 3.3.0
2023-12-04 19:48:21,249 [INFO] ThirdParty:1030 - CMSIS Pack Vendor :STMicroelectronics X-CUBE-TOF1 3.4.0
2023-12-04 19:48:21,249 [INFO] ThirdParty:1030 - CMSIS Pack Vendor :STMicroelectronics PDM2PCM 3.2.0
2023-12-04 19:48:21,249 [INFO] ThirdParty:841 - exiting critical section [change project]
2023-12-04 19:48:21,452 [INFO] PinOutPanel:1499 - setPackage(No Configuration,No Configuration)
2023-12-04 19:48:21,453 [INFO] PinOutPanel:1499 - setPackage(STM32F401RETx,LQFP64)
2023-12-04 19:48:21,631 [INFO] UtilMem:75 - Before build in PCC Used Memory: 673056224 Bytes (1073741824)
2023-12-04 19:48:21,794 [INFO] UtilMem:75 - After build in PCC Used Memory: 716570080 Bytes (1073741824)
2023-12-04 19:48:21,810 [INFO] IPUIPlugin:80 - create IPUIPlugin
2023-12-04 19:48:21,810 [INFO] IPUIPlugin:80 - create IPUIPlugin
2023-12-04 19:48:21,810 [INFO] IPUIPlugin:80 - create IPUIPlugin
2023-12-04 19:48:21,810 [INFO] IPUIPlugin:80 - create IPUIPlugin
2023-12-04 19:48:21,810 [INFO] IPUIPlugin:80 - create IPUIPlugin
2023-12-04 19:48:21,811 [INFO] IPUIPlugin:80 - create IPUIPlugin
2023-12-04 19:48:21,811 [INFO] IPUIPlugin:80 - create IPUIPlugin
2023-12-04 19:48:21,811 [INFO] IPUIPlugin:80 - create IPUIPlugin
2023-12-04 19:48:21,811 [INFO] IPUIPlugin:80 - create IPUIPlugin
2023-12-04 19:48:21,811 [INFO] IPUIPlugin:80 - create IPUIPlugin
2023-12-04 19:48:21,811 [INFO] IPUIPlugin:80 - create IPUIPlugin
2023-12-04 19:48:21,811 [INFO] IPUIPlugin:80 - create IPUIPlugin
2023-12-04 19:48:21,811 [INFO] IPUIPlugin:80 - create IPUIPlugin
2023-12-04 19:48:21,811 [INFO] IPUIPlugin:80 - create IPUIPlugin
2023-12-04 19:48:21,811 [INFO] IPUIPlugin:80 - create IPUIPlugin
2023-12-04 19:48:21,811 [INFO] IPUIPlugin:80 - create IPUIPlugin
2023-12-04 19:48:21,812 [INFO] IPUIPlugin:80 - create IPUIPlugin
2023-12-04 19:48:21,812 [INFO] IPUIPlugin:80 - create IPUIPlugin
2023-12-04 19:48:21,812 [INFO] IPUIPlugin:80 - create IPUIPlugin
2023-12-04 19:48:21,812 [INFO] IPUIPlugin:80 - create IPUIPlugin
2023-12-04 19:48:21,812 [INFO] IPUIPlugin:80 - create IPUIPlugin
2023-12-04 19:48:21,812 [INFO] IPUIPlugin:80 - create IPUIPlugin
2023-12-04 19:48:21,812 [INFO] IPUIPlugin:80 - create IPUIPlugin
2023-12-04 19:48:21,813 [INFO] IPUIPlugin:80 - create IPUIPlugin
2023-12-04 19:48:21,813 [INFO] IPUIPlugin:80 - create IPUIPlugin
2023-12-04 19:48:21,813 [INFO] IPUIPlugin:80 - create IPUIPlugin
2023-12-04 19:48:21,813 [INFO] IPUIPlugin:80 - create IPUIPlugin
2023-12-04 19:48:21,813 [INFO] IPUIPlugin:80 - create IPUIPlugin
2023-12-04 19:48:21,813 [INFO] IPUIPlugin:80 - create IPUIPlugin
2023-12-04 19:48:21,814 [INFO] IPUIPlugin:80 - create IPUIPlugin
2023-12-04 19:48:21,814 [INFO] IPUIPlugin:80 - create IPUIPlugin
2023-12-04 19:48:21,814 [INFO] IPUIPlugin:80 - create IPUIPlugin
2023-12-04 19:48:21,814 [INFO] IPUIPlugin:80 - create IPUIPlugin
2023-12-04 19:48:21,814 [INFO] IPUIPlugin:80 - create IPUIPlugin
2023-12-04 19:48:21,815 [INFO] IPUIPlugin:80 - create IPUIPlugin
2023-12-04 19:48:21,815 [INFO] IPUIPlugin:80 - create IPUIPlugin
2023-12-04 19:48:21,815 [INFO] IPUIPlugin:80 - create IPUIPlugin
2023-12-04 19:48:21,815 [INFO] IPUIPlugin:80 - create IPUIPlugin
2023-12-04 19:48:21,817 [INFO] ApiDbMcu:507 - Load IP Config File for PDM2PCM
2023-12-04 19:48:21,866 [INFO] CADModel:165 - CPN selected for project levelSTM32F401RET6
2023-12-04 19:48:21,866 [INFO] CADModel:114 - Register for checkConnection events
2023-12-04 19:48:21,919 [INFO] OpenFileManager:328 - Restore cursor
2023-12-04 19:48:34,650 [INFO] NvicIntPanel:101 - NVIC parent = com.st.microxplorer.plugins.ip.nvic.MultiNvicIntPanel[,0,0,0x0,invalid,layout=javax.swing.BoxLayout,alignmentX=0.0,alignmentY=0.0,border=,flags=9,maximumSize=,minimumSize=,preferredSize=]
